#
# There is insufficient memory for the Java Runtime Environment to continue.
# Native memory allocation (malloc) failed to allocate 32744 bytes for ChunkPool::allocate
# Possible reasons:
#   The system is out of physical RAM or swap space
#   The process is running with CompressedOops enabled, and the Java Heap may be blocking the growth of the native heap
# Possible solutions:
#   Reduce memory load on the system
#   Increase physical memory or swap space
#   Check if swap backing store is full
#   Decrease Java heap size (-Xmx/-Xms)
#   Decrease number of Java threads
#   Decrease Java thread stack sizes (-Xss)
#   Set larger code cache with -XX:ReservedCodeCacheSize=
#   JVM is running with Unscaled Compressed Oops mode in which the Java heap is
#     placed in the first 4GB address space. The Java Heap base address is the
#     maximum limit for the native heap growth. Please use -XX:HeapBaseMinAddress
#     to set the Java Heap base and to place the Java Heap above 4GB virtual address.
# This output file may be truncated or incomplete.
#
#  Out of Memory Error (t:/workspace/open/src/hotspot/share/memory/arena.cpp:81), pid=14372, tid=7564
#
# JRE version: OpenJDK Runtime Environment (11.0.2+9) (build 11.0.2+9)
# Java VM: OpenJDK 64-Bit Server VM (11.0.2+9, mixed mode, tiered, compressed oops, g1 gc, windows-amd64)
# No core dump will be written. Minidumps are not enabled by default on client versions of Windows
#

---------------  S U M M A R Y ------------

Command Line: -agentlib:jdwp=transport=dt_socket,server=n,suspend=y,address=localhost:50994 site.metacoding.blogproject.BlogprojectApplication

Host: Intel(R) Core(TM) i7-10510U CPU @ 1.80GHz, 8 cores, 7G,  Windows 10 , 64 bit Build 19041 (10.0.19041.1706)
Time: Thu Jun  9 14:51:32 2022 대한민국 표준시 elapsed time: 10 seconds (0d 0h 0m 10s)

---------------  T H R E A D  ---------------

Current thread (0x0000021705a76800):  JavaThread "C2 CompilerThread2" daemon [_thread_in_native, id=7564, stack(0x0000005174900000,0x0000005174a00000)]


Current CompileTask:
C2:  10115 3626   !   4       org.springframework.core.annotation.AnnotationsScanner::processClassHierarchy (236 bytes)

Stack: [0x0000005174900000,0x0000005174a00000]
Native frames: (J=compiled Java code, j=interpreted, Vv=VM code, C=native code)
V  [jvm.dll+0x63489a]
V  [jvm.dll+0x771f9f]
V  [jvm.dll+0x773648]
V  [jvm.dll+0x773d03]
V  [jvm.dll+0x25eba8]
V  [jvm.dll+0xc23bb]
V  [jvm.dll+0xc271c]
V  [jvm.dll+0xc2270]
V  [jvm.dll+0x613baf]
V  [jvm.dll+0x6664d5]
V  [jvm.dll+0x1a989d]
V  [jvm.dll+0x218ad2]
V  [jvm.dll+0x217b6a]
V  [jvm.dll+0x194370]
V  [jvm.dll+0x226b3f]
V  [jvm.dll+0x225148]
V  [jvm.dll+0x73774d]
V  [jvm.dll+0x633942]
C  [ucrtbase.dll+0x21bb2]
C  [KERNEL32.DLL+0x17034]
C  [ntdll.dll+0x52651]


---------------  P R O C E S S  ---------------

Threads class SMR info:
_java_thread_list=0x0000021700be49d0, length=17, elements={
0x0000021760202000, 0x000002177ecd3800, 0x000002177ecdd000, 0x000002177f5e2800,
0x000002177ed04000, 0x000002177ed05800, 0x000002177ed0e000, 0x000002177f60c000,
0x000002177f79e800, 0x000002177f7a2000, 0x000002177f7a3800, 0x000002177f7b4800,
0x000002177f7be800, 0x000002170060a800, 0x0000021700aa1000, 0x00000217002dc800,
0x0000021705a76800
}

Java Threads: ( => current thread )
  0x0000021760202000 JavaThread "main" [_thread_blocked, id=27320, stack(0x0000005173000000,0x0000005173100000)]
  0x000002177ecd3800 JavaThread "Reference Handler" daemon [_thread_blocked, id=23636, stack(0x0000005173700000,0x0000005173800000)]
  0x000002177ecdd000 JavaThread "Finalizer" daemon [_thread_blocked, id=14868, stack(0x0000005173800000,0x0000005173900000)]
  0x000002177f5e2800 JavaThread "Signal Dispatcher" daemon [_thread_blocked, id=9068, stack(0x0000005173900000,0x0000005173a00000)]
  0x000002177ed04000 JavaThread "Attach Listener" daemon [_thread_blocked, id=4400, stack(0x0000005173a00000,0x0000005173b00000)]
  0x000002177ed05800 JavaThread "C2 CompilerThread0" daemon [_thread_blocked, id=27820, stack(0x0000005173b00000,0x0000005173c00000)]
  0x000002177ed0e000 JavaThread "C1 CompilerThread0" daemon [_thread_blocked, id=21704, stack(0x0000005173c00000,0x0000005173d00000)]
  0x000002177f60c000 JavaThread "Sweeper thread" daemon [_thread_blocked, id=26852, stack(0x0000005173d00000,0x0000005173e00000)]
  0x000002177f79e800 JavaThread "JDWP Transport Listener: dt_socket" daemon [_thread_blocked, id=15600, stack(0x0000005173e00000,0x0000005173f00000)]
  0x000002177f7a2000 JavaThread "JDWP Event Helper Thread" daemon [_thread_blocked, id=22724, stack(0x0000005173f00000,0x0000005174000000)]
  0x000002177f7a3800 JavaThread "JDWP Command Reader" daemon [_thread_in_native, id=18652, stack(0x0000005174000000,0x0000005174100000)]
  0x000002177f7b4800 JavaThread "Service Thread" daemon [_thread_blocked, id=4148, stack(0x0000005174100000,0x0000005174200000)]
  0x000002177f7be800 JavaThread "Common-Cleaner" daemon [_thread_blocked, id=20188, stack(0x0000005174300000,0x0000005174400000)]
  0x000002170060a800 JavaThread "C2 CompilerThread1" daemon [_thread_in_native, id=24844, stack(0x0000005174400000,0x0000005174500000)]
  0x0000021700aa1000 JavaThread "Thread-0" [_thread_blocked, id=17940, stack(0x0000005174700000,0x0000005174800000)]
  0x00000217002dc800 JavaThread "restartedMain" [_thread_in_native, id=3096, stack(0x0000005174800000,0x0000005174900000)]
=>0x0000021705a76800 JavaThread "C2 CompilerThread2" daemon [_thread_in_native, id=7564, stack(0x0000005174900000,0x0000005174a00000)]

Other Threads:
  0x000002177ecaa000 VMThread "VM Thread" [stack: 0x0000005173600000,0x0000005173700000] [id=25264]
  0x000002177f7b8000 WatcherThread [stack: 0x0000005174200000,0x0000005174300000] [id=15692]
  0x0000021760219800 GCTaskThread "GC Thread#0" [stack: 0x0000005173100000,0x0000005173200000] [id=11416]
  0x0000021700959800 GCTaskThread "GC Thread#1" [stack: 0x0000005174500000,0x0000005174600000] [id=23952]
  0x000002170054b000 GCTaskThread "GC Thread#2" [stack: 0x0000005174600000,0x0000005174700000] [id=22408]
  0x0000021700b41000 GCTaskThread "GC Thread#3" [stack: 0x0000005174a00000,0x0000005174b00000] [id=16532]
  0x0000021700b41800 GCTaskThread "GC Thread#4" [stack: 0x0000005174b00000,0x0000005174c00000] [id=28196]
  0x0000021700b42800 GCTaskThread "GC Thread#5" [stack: 0x0000005174c00000,0x0000005174d00000] [id=10372]
  0x0000021700b43000 GCTaskThread "GC Thread#6" [stack: 0x0000005174d00000,0x0000005174e00000] [id=26180]
  0x0000021700a8a000 GCTaskThread "GC Thread#7" [stack: 0x0000005174e00000,0x0000005174f00000] [id=23680]
  0x0000021760249800 ConcurrentGCThread "G1 Main Marker" [stack: 0x0000005173200000,0x0000005173300000] [id=3196]
  0x000002176024b000 ConcurrentGCThread "G1 Conc#0" [stack: 0x0000005173300000,0x0000005173400000] [id=17412]
  0x0000021700f71000 ConcurrentGCThread "G1 Conc#1" [stack: 0x0000005174f00000,0x0000005175000000] [id=14716]
  0x000002177eb16800 ConcurrentGCThread "G1 Refine#0" [stack: 0x0000005173400000,0x0000005173500000] [id=17004]
  0x00000217602de000 ConcurrentGCThread "G1 Young RemSet Sampling" [stack: 0x0000005173500000,0x0000005173600000] [id=19676]

Threads with active compile tasks:
C2 CompilerThread13650   !   4       org.springframework.core.annotation.AnnotationsScanner::processMethodHierarchy (286 bytes)
C2 CompilerThread23626   !   4       org.springframework.core.annotation.AnnotationsScanner::processClassHierarchy (236 bytes)

VM state:not at safepoint (normal execution)

VM Mutex/Monitor currently owned by a thread: None

Heap address: 0x0000000083600000, size: 1994 MB, Compressed Oops mode: 32-bit
Narrow klass base: 0x0000000000000000, Narrow klass shift: 3
Compressed class space size: 1073741824 Address: 0x0000000100000000

Heap:
 garbage-first heap   total 155648K, used 42720K [0x0000000083600000, 0x0000000100000000)
  region size 1024K, 36 young (36864K), 6 survivors (6144K)
 Metaspace       used 36526K, capacity 37521K, committed 37780K, reserved 1083392K
  class space    used 4376K, capacity 4783K, committed 4864K, reserved 1048576K
Heap Regions: E=young(eden), S=young(survivor), O=old, HS=humongous(starts), HC=humongous(continues), CS=collection set, F=free, A=archive, TAMS=top-at-mark-start (previous, next)
|   0|0x0000000083600000, 0x0000000083700000, 0x0000000083700000|100%|HS|  |TAMS 0x0000000083700000, 0x0000000083600000| Complete 
|   1|0x0000000083700000, 0x0000000083800000, 0x0000000083800000|100%| O|  |TAMS 0x0000000083800000, 0x0000000083700000| Untracked 
|   2|0x0000000083800000, 0x0000000083900000, 0x0000000083900000|100%| O|  |TAMS 0x0000000083900000, 0x0000000083800000| Untracked 
|   3|0x0000000083900000, 0x0000000083a00000, 0x0000000083a00000|100%| O|  |TAMS 0x0000000083a00000, 0x0000000083900000| Untracked 
|   4|0x0000000083a00000, 0x0000000083b00000, 0x0000000083b00000|100%| O|  |TAMS 0x0000000083b00000, 0x0000000083a00000| Untracked 
|   5|0x0000000083b00000, 0x0000000083c00000, 0x0000000083c00000|100%| O|  |TAMS 0x0000000083c00000, 0x0000000083b00000| Untracked 
|   6|0x0000000083c00000, 0x0000000083cc3800, 0x0000000083d00000| 76%| O|  |TAMS 0x0000000083cc3800, 0x0000000083c00000| Untracked 
|   7|0x0000000083d00000, 0x0000000083d00000, 0x0000000083e00000|  0%| F|  |TAMS 0x0000000083d00000, 0x0000000083d00000| Untracked 
|   8|0x0000000083e00000, 0x0000000083e00000, 0x0000000083f00000|  0%| F|  |TAMS 0x0000000083e00000, 0x0000000083e00000| Untracked 
|   9|0x0000000083f00000, 0x0000000083f00000, 0x0000000084000000|  0%| F|  |TAMS 0x0000000083f00000, 0x0000000083f00000| Untracked 
|  10|0x0000000084000000, 0x0000000084000000, 0x0000000084100000|  0%| F|  |TAMS 0x0000000084000000, 0x0000000084000000| Untracked 
|  11|0x0000000084100000, 0x0000000084100000, 0x0000000084200000|  0%| F|  |TAMS 0x0000000084100000, 0x0000000084100000| Untracked 
|  12|0x0000000084200000, 0x0000000084200000, 0x0000000084300000|  0%| F|  |TAMS 0x0000000084200000, 0x0000000084200000| Untracked 
|  13|0x0000000084300000, 0x0000000084300000, 0x0000000084400000|  0%| F|  |TAMS 0x0000000084300000, 0x0000000084300000| Untracked 
|  14|0x0000000084400000, 0x0000000084400000, 0x0000000084500000|  0%| F|  |TAMS 0x0000000084400000, 0x0000000084400000| Untracked 
|  15|0x0000000084500000, 0x0000000084500000, 0x0000000084600000|  0%| F|  |TAMS 0x0000000084500000, 0x0000000084500000| Untracked 
|  16|0x0000000084600000, 0x0000000084600000, 0x0000000084700000|  0%| F|  |TAMS 0x0000000084600000, 0x0000000084600000| Untracked 
|  17|0x0000000084700000, 0x0000000084700000, 0x0000000084800000|  0%| F|  |TAMS 0x0000000084700000, 0x0000000084700000| Untracked 
|  18|0x0000000084800000, 0x0000000084800000, 0x0000000084900000|  0%| F|  |TAMS 0x0000000084800000, 0x0000000084800000| Untracked 
|  19|0x0000000084900000, 0x0000000084900000, 0x0000000084a00000|  0%| F|  |TAMS 0x0000000084900000, 0x0000000084900000| Untracked 
|  20|0x0000000084a00000, 0x0000000084a00000, 0x0000000084b00000|  0%| F|  |TAMS 0x0000000084a00000, 0x0000000084a00000| Untracked 
|  21|0x0000000084b00000, 0x0000000084b00000, 0x0000000084c00000|  0%| F|  |TAMS 0x0000000084b00000, 0x0000000084b00000| Untracked 
|  22|0x0000000084c00000, 0x0000000084c00000, 0x0000000084d00000|  0%| F|  |TAMS 0x0000000084c00000, 0x0000000084c00000| Untracked 
|  23|0x0000000084d00000, 0x0000000084d00000, 0x0000000084e00000|  0%| F|  |TAMS 0x0000000084d00000, 0x0000000084d00000| Untracked 
|  24|0x0000000084e00000, 0x0000000084e00000, 0x0000000084f00000|  0%| F|  |TAMS 0x0000000084e00000, 0x0000000084e00000| Untracked 
|  25|0x0000000084f00000, 0x0000000084f00000, 0x0000000085000000|  0%| F|  |TAMS 0x0000000084f00000, 0x0000000084f00000| Untracked 
|  26|0x0000000085000000, 0x0000000085000000, 0x0000000085100000|  0%| F|  |TAMS 0x0000000085000000, 0x0000000085000000| Untracked 
|  27|0x0000000085100000, 0x0000000085100000, 0x0000000085200000|  0%| F|  |TAMS 0x0000000085100000, 0x0000000085100000| Untracked 
|  28|0x0000000085200000, 0x0000000085200000, 0x0000000085300000|  0%| F|  |TAMS 0x0000000085200000, 0x0000000085200000| Untracked 
|  29|0x0000000085300000, 0x0000000085300000, 0x0000000085400000|  0%| F|  |TAMS 0x0000000085300000, 0x0000000085300000| Untracked 
|  30|0x0000000085400000, 0x0000000085400000, 0x0000000085500000|  0%| F|  |TAMS 0x0000000085400000, 0x0000000085400000| Untracked 
|  31|0x0000000085500000, 0x0000000085500000, 0x0000000085600000|  0%| F|  |TAMS 0x0000000085500000, 0x0000000085500000| Untracked 
|  32|0x0000000085600000, 0x0000000085600000, 0x0000000085700000|  0%| F|  |TAMS 0x0000000085600000, 0x0000000085600000| Untracked 
|  33|0x0000000085700000, 0x0000000085700000, 0x0000000085800000|  0%| F|  |TAMS 0x0000000085700000, 0x0000000085700000| Untracked 
|  34|0x0000000085800000, 0x0000000085800000, 0x0000000085900000|  0%| F|  |TAMS 0x0000000085800000, 0x0000000085800000| Untracked 
|  35|0x0000000085900000, 0x0000000085900000, 0x0000000085a00000|  0%| F|  |TAMS 0x0000000085900000, 0x0000000085900000| Untracked 
|  36|0x0000000085a00000, 0x0000000085a00000, 0x0000000085b00000|  0%| F|  |TAMS 0x0000000085a00000, 0x0000000085a00000| Untracked 
|  37|0x0000000085b00000, 0x0000000085b00000, 0x0000000085c00000|  0%| F|  |TAMS 0x0000000085b00000, 0x0000000085b00000| Untracked 
|  38|0x0000000085c00000, 0x0000000085c00000, 0x0000000085d00000|  0%| F|  |TAMS 0x0000000085c00000, 0x0000000085c00000| Untracked 
|  39|0x0000000085d00000, 0x0000000085d00000, 0x0000000085e00000|  0%| F|  |TAMS 0x0000000085d00000, 0x0000000085d00000| Untracked 
|  40|0x0000000085e00000, 0x0000000085e00000, 0x0000000085f00000|  0%| F|  |TAMS 0x0000000085e00000, 0x0000000085e00000| Untracked 
|  41|0x0000000085f00000, 0x0000000085f00000, 0x0000000086000000|  0%| F|  |TAMS 0x0000000085f00000, 0x0000000085f00000| Untracked 
|  42|0x0000000086000000, 0x0000000086000000, 0x0000000086100000|  0%| F|  |TAMS 0x0000000086000000, 0x0000000086000000| Untracked 
|  43|0x0000000086100000, 0x0000000086100000, 0x0000000086200000|  0%| F|  |TAMS 0x0000000086100000, 0x0000000086100000| Untracked 
|  44|0x0000000086200000, 0x0000000086200000, 0x0000000086300000|  0%| F|  |TAMS 0x0000000086200000, 0x0000000086200000| Untracked 
|  45|0x0000000086300000, 0x00000000863f49c0, 0x0000000086400000| 95%| S|CS|TAMS 0x0000000086300000, 0x0000000086300000| Complete 
|  46|0x0000000086400000, 0x0000000086500000, 0x0000000086500000|100%| S|CS|TAMS 0x0000000086400000, 0x0000000086400000| Complete 
|  47|0x0000000086500000, 0x0000000086600000, 0x0000000086600000|100%| S|CS|TAMS 0x0000000086500000, 0x0000000086500000| Complete 
|  48|0x0000000086600000, 0x0000000086700000, 0x0000000086700000|100%| S|CS|TAMS 0x0000000086600000, 0x0000000086600000| Complete 
|  49|0x0000000086700000, 0x0000000086800000, 0x0000000086800000|100%| S|CS|TAMS 0x0000000086700000, 0x0000000086700000| Complete 
|  50|0x0000000086800000, 0x0000000086900000, 0x0000000086900000|100%| S|CS|TAMS 0x0000000086800000, 0x0000000086800000| Complete 
|  51|0x0000000086900000, 0x0000000086900000, 0x0000000086a00000|  0%| F|  |TAMS 0x0000000086900000, 0x0000000086900000| Untracked 
|  52|0x0000000086a00000, 0x0000000086a00000, 0x0000000086b00000|  0%| F|  |TAMS 0x0000000086a00000, 0x0000000086a00000| Untracked 
|  53|0x0000000086b00000, 0x0000000086b00000, 0x0000000086c00000|  0%| F|  |TAMS 0x0000000086b00000, 0x0000000086b00000| Untracked 
|  54|0x0000000086c00000, 0x0000000086c00000, 0x0000000086d00000|  0%| F|  |TAMS 0x0000000086c00000, 0x0000000086c00000| Untracked 
|  55|0x0000000086d00000, 0x0000000086d00000, 0x0000000086e00000|  0%| F|  |TAMS 0x0000000086d00000, 0x0000000086d00000| Untracked 
|  56|0x0000000086e00000, 0x0000000086e00000, 0x0000000086f00000|  0%| F|  |TAMS 0x0000000086e00000, 0x0000000086e00000| Untracked 
|  57|0x0000000086f00000, 0x0000000086f00000, 0x0000000087000000|  0%| F|  |TAMS 0x0000000086f00000, 0x0000000086f00000| Untracked 
|  58|0x0000000087000000, 0x0000000087000000, 0x0000000087100000|  0%| F|  |TAMS 0x0000000087000000, 0x0000000087000000| Untracked 
|  59|0x0000000087100000, 0x0000000087100000, 0x0000000087200000|  0%| F|  |TAMS 0x0000000087100000, 0x0000000087100000| Untracked 
|  60|0x0000000087200000, 0x0000000087200000, 0x0000000087300000|  0%| F|  |TAMS 0x0000000087200000, 0x0000000087200000| Untracked 
|  61|0x0000000087300000, 0x0000000087300000, 0x0000000087400000|  0%| F|  |TAMS 0x0000000087300000, 0x0000000087300000| Untracked 
|  62|0x0000000087400000, 0x0000000087400000, 0x0000000087500000|  0%| F|  |TAMS 0x0000000087400000, 0x0000000087400000| Untracked 
|  63|0x0000000087500000, 0x0000000087500000, 0x0000000087600000|  0%| F|  |TAMS 0x0000000087500000, 0x0000000087500000| Untracked 
|  64|0x0000000087600000, 0x0000000087600000, 0x0000000087700000|  0%| F|  |TAMS 0x0000000087600000, 0x0000000087600000| Untracked 
|  65|0x0000000087700000, 0x0000000087700000, 0x0000000087800000|  0%| F|  |TAMS 0x0000000087700000, 0x0000000087700000| Untracked 
|  66|0x0000000087800000, 0x0000000087800000, 0x0000000087900000|  0%| F|  |TAMS 0x0000000087800000, 0x0000000087800000| Untracked 
|  67|0x0000000087900000, 0x0000000087900000, 0x0000000087a00000|  0%| F|  |TAMS 0x0000000087900000, 0x0000000087900000| Untracked 
|  68|0x0000000087a00000, 0x0000000087a00000, 0x0000000087b00000|  0%| F|  |TAMS 0x0000000087a00000, 0x0000000087a00000| Untracked 
|  69|0x0000000087b00000, 0x0000000087b00000, 0x0000000087c00000|  0%| F|  |TAMS 0x0000000087b00000, 0x0000000087b00000| Untracked 
|  70|0x0000000087c00000, 0x0000000087c00000, 0x0000000087d00000|  0%| F|  |TAMS 0x0000000087c00000, 0x0000000087c00000| Untracked 
|  71|0x0000000087d00000, 0x0000000087d00000, 0x0000000087e00000|  0%| F|  |TAMS 0x0000000087d00000, 0x0000000087d00000| Untracked 
|  72|0x0000000087e00000, 0x0000000087e00000, 0x0000000087f00000|  0%| F|  |TAMS 0x0000000087e00000, 0x0000000087e00000| Untracked 
|  73|0x0000000087f00000, 0x0000000087f00000, 0x0000000088000000|  0%| F|  |TAMS 0x0000000087f00000, 0x0000000087f00000| Untracked 
|  74|0x0000000088000000, 0x0000000088000000, 0x0000000088100000|  0%| F|  |TAMS 0x0000000088000000, 0x0000000088000000| Untracked 
|  75|0x0000000088100000, 0x0000000088100000, 0x0000000088200000|  0%| F|  |TAMS 0x0000000088100000, 0x0000000088100000| Untracked 
|  76|0x0000000088200000, 0x0000000088200000, 0x0000000088300000|  0%| F|  |TAMS 0x0000000088200000, 0x0000000088200000| Untracked 
|  77|0x0000000088300000, 0x0000000088300000, 0x0000000088400000|  0%| F|  |TAMS 0x0000000088300000, 0x0000000088300000| Untracked 
|  78|0x0000000088400000, 0x0000000088400000, 0x0000000088500000|  0%| F|  |TAMS 0x0000000088400000, 0x0000000088400000| Untracked 
|  79|0x0000000088500000, 0x0000000088500000, 0x0000000088600000|  0%| F|  |TAMS 0x0000000088500000, 0x0000000088500000| Untracked 
|  80|0x0000000088600000, 0x0000000088600000, 0x0000000088700000|  0%| F|  |TAMS 0x0000000088600000, 0x0000000088600000| Untracked 
|  81|0x0000000088700000, 0x0000000088700000, 0x0000000088800000|  0%| F|  |TAMS 0x0000000088700000, 0x0000000088700000| Untracked 
|  82|0x0000000088800000, 0x0000000088800000, 0x0000000088900000|  0%| F|  |TAMS 0x0000000088800000, 0x0000000088800000| Untracked 
|  83|0x0000000088900000, 0x0000000088900000, 0x0000000088a00000|  0%| F|  |TAMS 0x0000000088900000, 0x0000000088900000| Untracked 
|  84|0x0000000088a00000, 0x0000000088a00000, 0x0000000088b00000|  0%| F|  |TAMS 0x0000000088a00000, 0x0000000088a00000| Untracked 
|  85|0x0000000088b00000, 0x0000000088b00000, 0x0000000088c00000|  0%| F|  |TAMS 0x0000000088b00000, 0x0000000088b00000| Untracked 
|  86|0x0000000088c00000, 0x0000000088c00000, 0x0000000088d00000|  0%| F|  |TAMS 0x0000000088c00000, 0x0000000088c00000| Untracked 
|  87|0x0000000088d00000, 0x0000000088d00000, 0x0000000088e00000|  0%| F|  |TAMS 0x0000000088d00000, 0x0000000088d00000| Untracked 
|  88|0x0000000088e00000, 0x0000000088e00000, 0x0000000088f00000|  0%| F|  |TAMS 0x0000000088e00000, 0x0000000088e00000| Untracked 
|  89|0x0000000088f00000, 0x0000000088f00000, 0x0000000089000000|  0%| F|  |TAMS 0x0000000088f00000, 0x0000000088f00000| Untracked 
|  90|0x0000000089000000, 0x0000000089000000, 0x0000000089100000|  0%| F|  |TAMS 0x0000000089000000, 0x0000000089000000| Untracked 
|  91|0x0000000089100000, 0x0000000089100000, 0x0000000089200000|  0%| F|  |TAMS 0x0000000089100000, 0x0000000089100000| Untracked 
|  92|0x0000000089200000, 0x0000000089200000, 0x0000000089300000|  0%| F|  |TAMS 0x0000000089200000, 0x0000000089200000| Untracked 
|  93|0x0000000089300000, 0x0000000089300000, 0x0000000089400000|  0%| F|  |TAMS 0x0000000089300000, 0x0000000089300000| Untracked 
|  94|0x0000000089400000, 0x0000000089400000, 0x0000000089500000|  0%| F|  |TAMS 0x0000000089400000, 0x0000000089400000| Untracked 
|  95|0x0000000089500000, 0x0000000089500000, 0x0000000089600000|  0%| F|  |TAMS 0x0000000089500000, 0x0000000089500000| Untracked 
|  96|0x0000000089600000, 0x0000000089600000, 0x0000000089700000|  0%| F|  |TAMS 0x0000000089600000, 0x0000000089600000| Untracked 
|  97|0x0000000089700000, 0x0000000089700000, 0x0000000089800000|  0%| F|  |TAMS 0x0000000089700000, 0x0000000089700000| Untracked 
|  98|0x0000000089800000, 0x0000000089800000, 0x0000000089900000|  0%| F|  |TAMS 0x0000000089800000, 0x0000000089800000| Untracked 
|  99|0x0000000089900000, 0x0000000089900000, 0x0000000089a00000|  0%| F|  |TAMS 0x0000000089900000, 0x0000000089900000| Untracked 
| 100|0x0000000089a00000, 0x0000000089a00000, 0x0000000089b00000|  0%| F|  |TAMS 0x0000000089a00000, 0x0000000089a00000| Untracked 
| 101|0x0000000089b00000, 0x0000000089b00000, 0x0000000089c00000|  0%| F|  |TAMS 0x0000000089b00000, 0x0000000089b00000| Untracked 
| 102|0x0000000089c00000, 0x0000000089c00000, 0x0000000089d00000|  0%| F|  |TAMS 0x0000000089c00000, 0x0000000089c00000| Untracked 
| 103|0x0000000089d00000, 0x0000000089d00000, 0x0000000089e00000|  0%| F|  |TAMS 0x0000000089d00000, 0x0000000089d00000| Untracked 
| 104|0x0000000089e00000, 0x0000000089e00000, 0x0000000089f00000|  0%| F|  |TAMS 0x0000000089e00000, 0x0000000089e00000| Untracked 
| 105|0x0000000089f00000, 0x0000000089f00000, 0x000000008a000000|  0%| F|  |TAMS 0x0000000089f00000, 0x0000000089f00000| Untracked 
| 106|0x000000008a000000, 0x000000008a000000, 0x000000008a100000|  0%| F|  |TAMS 0x000000008a000000, 0x000000008a000000| Untracked 
| 107|0x000000008a100000, 0x000000008a100000, 0x000000008a200000|  0%| F|  |TAMS 0x000000008a100000, 0x000000008a100000| Untracked 
| 108|0x000000008a200000, 0x000000008a200000, 0x000000008a300000|  0%| F|  |TAMS 0x000000008a200000, 0x000000008a200000| Untracked 
| 109|0x000000008a300000, 0x000000008a300000, 0x000000008a400000|  0%| F|  |TAMS 0x000000008a300000, 0x000000008a300000| Untracked 
| 110|0x000000008a400000, 0x000000008a400000, 0x000000008a500000|  0%| F|  |TAMS 0x000000008a400000, 0x000000008a400000| Untracked 
| 111|0x000000008a500000, 0x000000008a500000, 0x000000008a600000|  0%| F|  |TAMS 0x000000008a500000, 0x000000008a500000| Untracked 
| 112|0x000000008a600000, 0x000000008a600000, 0x000000008a700000|  0%| F|  |TAMS 0x000000008a600000, 0x000000008a600000| Untracked 
| 113|0x000000008a700000, 0x000000008a700000, 0x000000008a800000|  0%| F|  |TAMS 0x000000008a700000, 0x000000008a700000| Untracked 
| 114|0x000000008a800000, 0x000000008a800000, 0x000000008a900000|  0%| F|  |TAMS 0x000000008a800000, 0x000000008a800000| Untracked 
| 115|0x000000008a900000, 0x000000008a900000, 0x000000008aa00000|  0%| F|  |TAMS 0x000000008a900000, 0x000000008a900000| Untracked 
| 116|0x000000008aa00000, 0x000000008aa00000, 0x000000008ab00000|  0%| F|  |TAMS 0x000000008aa00000, 0x000000008aa00000| Untracked 
| 117|0x000000008ab00000, 0x000000008ab00000, 0x000000008ac00000|  0%| F|  |TAMS 0x000000008ab00000, 0x000000008ab00000| Untracked 
| 118|0x000000008ac00000, 0x000000008ac00000, 0x000000008ad00000|  0%| F|  |TAMS 0x000000008ac00000, 0x000000008ac00000| Untracked 
| 119|0x000000008ad00000, 0x000000008ad00000, 0x000000008ae00000|  0%| F|  |TAMS 0x000000008ad00000, 0x000000008ad00000| Untracked 
| 120|0x000000008ae00000, 0x000000008ae00000, 0x000000008af00000|  0%| F|  |TAMS 0x000000008ae00000, 0x000000008ae00000| Untracked 
| 121|0x000000008af00000, 0x000000008af00000, 0x000000008b000000|  0%| F|  |TAMS 0x000000008af00000, 0x000000008af00000| Untracked 
| 122|0x000000008b000000, 0x000000008b100000, 0x000000008b100000|100%| E|  |TAMS 0x000000008b000000, 0x000000008b000000| Complete 
| 123|0x000000008b100000, 0x000000008b200000, 0x000000008b200000|100%| E|CS|TAMS 0x000000008b100000, 0x000000008b100000| Complete 
| 124|0x000000008b200000, 0x000000008b300000, 0x000000008b300000|100%| E|CS|TAMS 0x000000008b200000, 0x000000008b200000| Complete 
| 125|0x000000008b300000, 0x000000008b400000, 0x000000008b400000|100%| E|CS|TAMS 0x000000008b300000, 0x000000008b300000| Complete 
| 126|0x000000008b400000, 0x000000008b500000, 0x000000008b500000|100%| E|CS|TAMS 0x000000008b400000, 0x000000008b400000| Complete 
| 127|0x000000008b500000, 0x000000008b600000, 0x000000008b600000|100%| E|CS|TAMS 0x000000008b500000, 0x000000008b500000| Complete 
| 128|0x000000008b600000, 0x000000008b700000, 0x000000008b700000|100%| E|CS|TAMS 0x000000008b600000, 0x000000008b600000| Complete 
| 129|0x000000008b700000, 0x000000008b800000, 0x000000008b800000|100%| E|CS|TAMS 0x000000008b700000, 0x000000008b700000| Complete 
| 130|0x000000008b800000, 0x000000008b900000, 0x000000008b900000|100%| E|CS|TAMS 0x000000008b800000, 0x000000008b800000| Complete 
| 131|0x000000008b900000, 0x000000008ba00000, 0x000000008ba00000|100%| E|CS|TAMS 0x000000008b900000, 0x000000008b900000| Complete 
| 132|0x000000008ba00000, 0x000000008bb00000, 0x000000008bb00000|100%| E|CS|TAMS 0x000000008ba00000, 0x000000008ba00000| Complete 
| 133|0x000000008bb00000, 0x000000008bc00000, 0x000000008bc00000|100%| E|CS|TAMS 0x000000008bb00000, 0x000000008bb00000| Complete 
| 134|0x000000008bc00000, 0x000000008bd00000, 0x000000008bd00000|100%| E|CS|TAMS 0x000000008bc00000, 0x000000008bc00000| Complete 
| 135|0x000000008bd00000, 0x000000008be00000, 0x000000008be00000|100%| E|CS|TAMS 0x000000008bd00000, 0x000000008bd00000| Complete 
| 136|0x000000008be00000, 0x000000008bf00000, 0x000000008bf00000|100%| E|CS|TAMS 0x000000008be00000, 0x000000008be00000| Complete 
| 137|0x000000008bf00000, 0x000000008c000000, 0x000000008c000000|100%| E|CS|TAMS 0x000000008bf00000, 0x000000008bf00000| Complete 
| 138|0x000000008c000000, 0x000000008c100000, 0x000000008c100000|100%| E|CS|TAMS 0x000000008c000000, 0x000000008c000000| Complete 
| 139|0x000000008c100000, 0x000000008c200000, 0x000000008c200000|100%| E|CS|TAMS 0x000000008c100000, 0x000000008c100000| Complete 
| 140|0x000000008c200000, 0x000000008c300000, 0x000000008c300000|100%| E|CS|TAMS 0x000000008c200000, 0x000000008c200000| Complete 
| 141|0x000000008c300000, 0x000000008c400000, 0x000000008c400000|100%| E|CS|TAMS 0x000000008c300000, 0x000000008c300000| Complete 
| 142|0x000000008c400000, 0x000000008c500000, 0x000000008c500000|100%| E|CS|TAMS 0x000000008c400000, 0x000000008c400000| Complete 
| 143|0x000000008c500000, 0x000000008c600000, 0x000000008c600000|100%| E|CS|TAMS 0x000000008c500000, 0x000000008c500000| Complete 
| 144|0x000000008c600000, 0x000000008c700000, 0x000000008c700000|100%| E|CS|TAMS 0x000000008c600000, 0x000000008c600000| Complete 
| 145|0x000000008c700000, 0x000000008c800000, 0x000000008c800000|100%| E|CS|TAMS 0x000000008c700000, 0x000000008c700000| Complete 
| 146|0x000000008c800000, 0x000000008c900000, 0x000000008c900000|100%| E|CS|TAMS 0x000000008c800000, 0x000000008c800000| Complete 
| 147|0x000000008c900000, 0x000000008ca00000, 0x000000008ca00000|100%| E|CS|TAMS 0x000000008c900000, 0x000000008c900000| Complete 
| 148|0x000000008ca00000, 0x000000008cb00000, 0x000000008cb00000|100%| E|CS|TAMS 0x000000008ca00000, 0x000000008ca00000| Complete 
| 149|0x000000008cb00000, 0x000000008cc00000, 0x000000008cc00000|100%| E|CS|TAMS 0x000000008cb00000, 0x000000008cb00000| Complete 
| 150|0x000000008cc00000, 0x000000008cd00000, 0x000000008cd00000|100%| E|CS|TAMS 0x000000008cc00000, 0x000000008cc00000| Complete 
| 151|0x000000008cd00000, 0x000000008ce00000, 0x000000008ce00000|100%| E|CS|TAMS 0x000000008cd00000, 0x000000008cd00000| Complete 

Card table byte_map: [0x0000021777c40000,0x0000021778030000] _byte_map_base: 0x0000021777825000

Marking Bits (Prev, Next): (CMBitMap*) 0x0000021760240ff8, (CMBitMap*) 0x0000021760241030
 Prev Bits: [0x0000021778420000, 0x000002177a348000)
 Next Bits: [0x000002177a350000, 0x000002177c278000)

Polling page: 0x000002175e100000

Metaspace:

Usage:
  Non-class:     31.97 MB capacity,    31.40 MB ( 98%) used,   474.27 KB (  1%) free+waste,   113.94 KB ( <1%) overhead. 
      Class:      4.67 MB capacity,     4.27 MB ( 92%) used,   352.89 KB (  7%) free+waste,    53.13 KB (  1%) overhead. 
       Both:     36.64 MB capacity,    35.67 MB ( 97%) used,   827.16 KB (  2%) free+waste,   167.06 KB ( <1%) overhead. 

Virtual space:
  Non-class space:       34.00 MB reserved,      32.14 MB ( 95%) committed 
      Class space:        1.00 GB reserved,       4.75 MB ( <1%) committed 
             Both:        1.03 GB reserved,      36.89 MB (  3%) committed 

Chunk freelists:
   Non-Class:  6.25 KB
       Class:  2.13 KB
        Both:  8.38 KB

CodeHeap 'non-profiled nmethods': size=120000Kb used=2130Kb max_used=2130Kb free=117869Kb
 bounds [0x000002176fff0000, 0x0000021770260000, 0x0000021777520000]
CodeHeap 'profiled nmethods': size=120000Kb used=8527Kb max_used=8527Kb free=111473Kb
 bounds [0x0000021768ac0000, 0x0000021769320000, 0x000002176fff0000]
CodeHeap 'non-nmethods': size=5760Kb used=1216Kb max_used=1281Kb free=4543Kb
 bounds [0x0000021768520000, 0x0000021768790000, 0x0000021768ac0000]
 total_blobs=4946 nmethods=3541 adapters=373
 compilation: enabled
              stopped_count=0, restarted_count=0
 full_count=0

Compilation events (10 events):
Event: 8.987 Thread 0x000002177ed0e000 nmethod 3669 0x00000217701dfb10 code [0x00000217701dfcc0, 0x00000217701dfdd8]
Event: 8.987 Thread 0x000002177ed0e000 3670 %     3       sun.security.provider.SHA::implCompress0 @ 3 (482 bytes)
Event: 8.988 Thread 0x000002177ed0e000 nmethod 3670% 0x0000021769313e90 code [0x00000217693140c0, 0x0000021769314ad8]
Event: 9.036 Thread 0x000002170060a800 nmethod 3452 0x00000217701dfe90 code [0x00000217701e0680, 0x00000217701eac30]
Event: 9.036 Thread 0x000002170060a800 3651       4       java.lang.PublicMethods$MethodList::filter (104 bytes)
Event: 9.062 Thread 0x000002170060a800 nmethod 3651 0x00000217701f0010 code [0x00000217701f01e0, 0x00000217701f0e38]
Event: 9.063 Thread 0x000002170060a800 3650   !   4       org.springframework.core.annotation.AnnotationsScanner::processMethodHierarchy (286 bytes)
Event: 9.231 Thread 0x000002177ed05800 nmethod 3535 0x00000217701f1510 code [0x00000217701f1bc0, 0x00000217701f8ec8]
Event: 9.232 Thread 0x000002177ed05800 3513       4       org.springframework.boot.context.properties.source.ConfigurationPropertyName::elementDiffers (94 bytes)
Event: 9.510 Thread 0x000002177ed05800 nmethod 3513 0x00000217701fd590 code [0x00000217701fd9e0, 0x0000021770202580]

GC Heap History (10 events):
Event: 1.692 GC heap before
{Heap before GC invocations=0 (full 0):
 garbage-first heap   total 129024K, used 24576K [0x0000000083600000, 0x0000000100000000)
  region size 1024K, 24 young (24576K), 0 survivors (0K)
 Metaspace       used 11120K, capacity 11389K, committed 11648K, reserved 1060864K
  class space    used 1052K, capacity 1138K, committed 1152K, reserved 1048576K
}
Event: 1.702 GC heap after
{Heap after GC invocations=1 (full 0):
 garbage-first heap   total 129024K, used 7216K [0x0000000083600000, 0x0000000100000000)
  region size 1024K, 3 young (3072K), 3 survivors (3072K)
 Metaspace       used 11120K, capacity 11389K, committed 11648K, reserved 1060864K
  class space    used 1052K, capacity 1138K, committed 1152K, reserved 1048576K
}
Event: 2.030 GC heap before
{Heap before GC invocations=1 (full 0):
 garbage-first heap   total 129024K, used 47152K [0x0000000083600000, 0x0000000100000000)
  region size 1024K, 43 young (44032K), 3 survivors (3072K)
 Metaspace       used 13217K, capacity 13534K, committed 13824K, reserved 1060864K
  class space    used 1310K, capacity 1411K, committed 1536K, reserved 1048576K
}
Event: 2.069 GC heap after
{Heap after GC invocations=2 (full 0):
 garbage-first heap   total 129024K, used 7749K [0x0000000083600000, 0x0000000100000000)
  region size 1024K, 4 young (4096K), 4 survivors (4096K)
 Metaspace       used 13217K, capacity 13534K, committed 13824K, reserved 1060864K
  class space    used 1310K, capacity 1411K, committed 1536K, reserved 1048576K
}
Event: 3.020 GC heap before
{Heap before GC invocations=2 (full 0):
 garbage-first heap   total 129024K, used 52805K [0x0000000083600000, 0x0000000100000000)
  region size 1024K, 50 young (51200K), 4 survivors (4096K)
 Metaspace       used 20745K, capacity 21184K, committed 21248K, reserved 1069056K
  class space    used 2343K, capacity 2519K, committed 2560K, reserved 1048576K
}
Event: 3.031 GC heap after
{Heap after GC invocations=3 (full 0):
 garbage-first heap   total 129024K, used 9531K [0x0000000083600000, 0x0000000100000000)
  region size 1024K, 6 young (6144K), 6 survivors (6144K)
 Metaspace       used 20745K, capacity 21184K, committed 21248K, reserved 1069056K
  class space    used 2343K, capacity 2519K, committed 2560K, reserved 1048576K
}
Event: 4.368 GC heap before
{Heap before GC invocations=4 (full 0):
 garbage-first heap   total 129024K, used 69947K [0x0000000083600000, 0x0000000100000000)
  region size 1024K, 66 young (67584K), 6 survivors (6144K)
 Metaspace       used 27394K, capacity 27939K, committed 28180K, reserved 1075200K
  class space    used 3167K, capacity 3383K, committed 3456K, reserved 1048576K
}
Event: 4.379 GC heap after
{Heap after GC invocations=5 (full 0):
 garbage-first heap   total 129024K, used 10856K [0x0000000083600000, 0x0000000100000000)
  region size 1024K, 4 young (4096K), 4 survivors (4096K)
 Metaspace       used 27394K, capacity 27939K, committed 28180K, reserved 1075200K
  class space    used 3167K, capacity 3383K, committed 3456K, reserved 1048576K
}
Event: 7.473 GC heap before
{Heap before GC invocations=6 (full 0):
 garbage-first heap   total 129024K, used 82536K [0x0000000083600000, 0x0000000100000000)
  region size 1024K, 75 young (76800K), 4 survivors (4096K)
 Metaspace       used 31737K, capacity 32514K, committed 32660K, reserved 1077248K
  class space    used 3706K, capacity 4062K, committed 4096K, reserved 1048576K
}
Event: 7.481 GC heap after
{Heap after GC invocations=7 (full 0):
 garbage-first heap   total 155648K, used 13024K [0x0000000083600000, 0x0000000100000000)
  region size 1024K, 6 young (6144K), 6 survivors (6144K)
 Metaspace       used 31737K, capacity 32514K, committed 32660K, reserved 1077248K
  class space    used 3706K, capacity 4062K, committed 4096K, reserved 1048576K
}

Deoptimization events (10 events):
Event: 8.597 Thread 0x00000217002dc800 Uncommon trap: reason=unstable_if action=reinterpret pc=0x00000217701583e0 method=org.springframework.boot.context.properties.source.ConfigurationPropertyName$Elements.charAt(II)C @ 13 c2
Event: 8.612 Thread 0x00000217002dc800 Uncommon trap: reason=bimorphic_or_optimized_type_check action=maybe_recompile pc=0x00000217701897ec method=java.util.Collections$SetFromMap.contains(Ljava/lang/Object;)Z @ 5 c2
Event: 8.625 Thread 0x00000217002dc800 Uncommon trap: reason=null_check action=make_not_entrant pc=0x000002177015a00c method=org.springframework.util.ClassUtils.isAssignable(Ljava/lang/Class;Ljava/lang/Class;)Z @ 14 c2
Event: 8.639 Thread 0x00000217002dc800 Uncommon trap: reason=class_check action=maybe_recompile pc=0x00000217700cebf0 method=java.util.concurrent.ConcurrentHashMap.putVal(Ljava/lang/Object;Ljava/lang/Object;Z)Ljava/lang/Object; @ 242 c2
Event: 8.642 Thread 0x00000217002dc800 Uncommon trap: reason=class_check action=maybe_recompile pc=0x00000217700cebf0 method=java.util.concurrent.ConcurrentHashMap.putVal(Ljava/lang/Object;Ljava/lang/Object;Z)Ljava/lang/Object; @ 242 c2
Event: 8.654 Thread 0x00000217002dc800 Uncommon trap: reason=class_check action=maybe_recompile pc=0x00000217700cebf0 method=java.util.concurrent.ConcurrentHashMap.putVal(Ljava/lang/Object;Ljava/lang/Object;Z)Ljava/lang/Object; @ 242 c2
Event: 8.764 Thread 0x00000217002dc800 Uncommon trap: reason=unstable_if action=reinterpret pc=0x00000217701cbf08 method=java.util.Properties$LineReader.readLine()I @ 180 c2
Event: 8.764 Thread 0x00000217002dc800 Uncommon trap: reason=unstable_if action=reinterpret pc=0x00000217700e6be0 method=java.util.Properties$LineReader.readLine()I @ 180 c2
Event: 8.792 Thread 0x00000217002dc800 Uncommon trap: reason=unstable_if action=reinterpret pc=0x00000217700a6f98 method=java.util.concurrent.ConcurrentHashMap.get(Ljava/lang/Object;)Ljava/lang/Object; @ 152 c2
Event: 8.875 Thread 0x00000217002dc800 Uncommon trap: reason=unstable_if action=reinterpret pc=0x0000021770124688 method=java.util.LinkedHashMap.get(Ljava/lang/Object;)Ljava/lang/Object; @ 20 c2

Classes redefined (0 events):
No events

Internal exceptions (10 events):
Event: 8.353 Thread 0x00000217002dc800 Exception <a 'java/lang/ClassNotFoundException'{0x000000008bb2a438}: org/springframework/core/OrderedCustomizer> (0x000000008bb2a438) thrown at [t:/workspace/open/src/hotspot/share/classfile/systemDictionary.cpp, line 231]
Event: 8.506 Thread 0x00000217002dc800 Exception <a 'java/lang/NoSuchMethodError'{0x000000008b9057c0}: java.lang.invoke.DirectMethodHandle$Holder.invokeSpecial(Ljava/lang/Object;Ljava/lang/Object;Ljava/lang/Object;Ljava/lang/Object;Ljava/lang/Object;)I> (0x000000008b9057c0) thrown at [t:/works
Event: 8.597 Thread 0x00000217002dc800 Implicit null exception at 0x0000021770128a50 to 0x0000021770128b9e
Event: 8.597 Thread 0x00000217002dc800 Implicit null exception at 0x0000021770158039 to 0x00000217701583c6
Event: 8.625 Thread 0x00000217002dc800 Implicit null exception at 0x0000021770159d5a to 0x0000021770159ff6
Event: 8.682 Thread 0x00000217002dc800 Exception <a 'java/lang/NoSuchMethodError'{0x000000008b6bccb0}: java.lang.invoke.DirectMethodHandle$Holder.invokeInterface(Ljava/lang/Object;Ljava/lang/Object;I)V> (0x000000008b6bccb0) thrown at [t:/workspace/open/src/hotspot/share/interpreter/linkResolve
Event: 8.690 Thread 0x00000217002dc800 Exception <a 'java/lang/NoSuchMethodError'{0x000000008b5016c0}: java.lang.invoke.DirectMethodHandle$Holder.invokeStatic(Ljava/lang/Object;ILjava/lang/Object;)V> (0x000000008b5016c0) thrown at [t:/workspace/open/src/hotspot/share/interpreter/linkResolver.c
Event: 8.695 Thread 0x00000217002dc800 Exception <a 'java/lang/NoSuchMethodError'{0x000000008b5240a0}: java.lang.invoke.DirectMethodHandle$Holder.invokeVirtual(Ljava/lang/Object;Ljava/lang/Object;)I> (0x000000008b5240a0) thrown at [t:/workspace/open/src/hotspot/share/interpreter/linkResolver.c
Event: 8.699 Thread 0x00000217002dc800 Exception <a 'java/lang/NoSuchMethodError'{0x000000008b52dda8}: java.lang.invoke.DirectMethodHandle$Holder.invokeSpecialIFC(Ljava/lang/Object;Ljava/lang/Object;Ljava/lang/Object;Ljava/lang/Object;)I> (0x000000008b52dda8) thrown at [t:/workspace/open/src/h
Event: 8.944 Thread 0x00000217002dc800 Exception <a 'java/lang/NoSuchMethodError'{0x000000008b07ed78}: java.lang.invoke.DirectMethodHandle$Holder.invokeStaticInit(Ljava/lang/Object;IIII)Ljava/lang/Object;> (0x000000008b07ed78) thrown at [t:/workspace/open/src/hotspot/share/interpreter/linkReso

Events (10 events):
Event: 8.982 loading class sun/security/provider/ByteArrayAccess
Event: 8.983 loading class sun/security/provider/ByteArrayAccess done
Event: 8.987 loading class java/net/NetworkInterface
Event: 8.988 loading class java/net/NetworkInterface done
Event: 8.988 loading class java/net/NetworkInterface$1
Event: 8.988 loading class java/net/NetworkInterface$1 done
Event: 8.993 loading class java/net/InterfaceAddress
Event: 8.994 loading class java/net/InterfaceAddress done
Event: 8.994 loading class java/net/DefaultInterface
Event: 8.995 loading class java/net/DefaultInterface done


Dynamic libraries:
0x00007ff7cc1f0000 - 0x00007ff7cc235000 	C:\green_workspace\tools\jdk-11.0.2\bin\java.exe
0x00007ffd10ff0000 - 0x00007ffd111e5000 	C:\Windows\SYSTEM32\ntdll.dll
0x00007ffd0f100000 - 0x00007ffd0f1bd000 	C:\Windows\System32\KERNEL32.DLL
0x00007ffd0e7d0000 - 0x00007ffd0ea9d000 	C:\Windows\System32\KERNELBASE.dll
0x00007ffd10ab0000 - 0x00007ffd10c50000 	C:\Windows\System32\USER32.dll
0x00007ffd0e770000 - 0x00007ffd0e792000 	C:\Windows\System32\win32u.dll
0x00007ffd0f7e0000 - 0x00007ffd0f80a000 	C:\Windows\System32\GDI32.dll
0x00007ffd0eee0000 - 0x00007ffd0efeb000 	C:\Windows\System32\gdi32full.dll
0x00007ffd0ec50000 - 0x00007ffd0eced000 	C:\Windows\System32\msvcp_win.dll
0x00007ffd0eb50000 - 0x00007ffd0ec50000 	C:\Windows\System32\ucrtbase.dll
0x00007ffcfb540000 - 0x00007ffcfb7da000 	C:\Windows\WinSxS\amd64_microsoft.windows.common-controls_6595b64144ccf1df_6.0.19041.1110_none_60b5254171f9507e\COMCTL32.dll
0x00007ffd10a10000 - 0x00007ffd10aae000 	C:\Windows\System32\msvcrt.dll
0x00007ffd0f330000 - 0x00007ffd0f360000 	C:\Windows\System32\IMM32.DLL
0x00007ffcf95d0000 - 0x00007ffcf95e6000 	C:\green_workspace\tools\jdk-11.0.2\bin\vcruntime140.dll
0x00007ffcdd600000 - 0x00007ffcdd6aa000 	C:\green_workspace\tools\jdk-11.0.2\bin\msvcp140.dll
0x00007ffcd3470000 - 0x00007ffcd3f93000 	C:\green_workspace\tools\jdk-11.0.2\bin\server\jvm.dll
0x00007ffd0f1f0000 - 0x00007ffd0f29e000 	C:\Windows\System32\ADVAPI32.dll
0x00007ffd0f610000 - 0x00007ffd0f6ac000 	C:\Windows\System32\sechost.dll
0x00007ffd10e00000 - 0x00007ffd10f25000 	C:\Windows\System32\RPCRT4.dll
0x00007ffd0f1c0000 - 0x00007ffd0f1c8000 	C:\Windows\System32\PSAPI.DLL
0x00007ffd04c60000 - 0x00007ffd04c69000 	C:\Windows\SYSTEM32\WSOCK32.dll
0x00007ffd0fc90000 - 0x00007ffd0fcfb000 	C:\Windows\System32\WS2_32.dll
0x00007ffcf7c40000 - 0x00007ffcf7c67000 	C:\Windows\SYSTEM32\WINMM.dll
0x00007ffd07870000 - 0x00007ffd0787a000 	C:\Windows\SYSTEM32\VERSION.dll
0x00007ffd0cf90000 - 0x00007ffd0cfa2000 	C:\Windows\SYSTEM32\kernel.appcore.dll
0x00007ffd065a0000 - 0x00007ffd065b1000 	C:\green_workspace\tools\jdk-11.0.2\bin\verify.dll
0x00007ffd0c500000 - 0x00007ffd0c6e4000 	C:\Windows\SYSTEM32\DBGHELP.DLL
0x00007ffd09d50000 - 0x00007ffd09d7c000 	C:\Windows\SYSTEM32\dbgcore.DLL
0x00007ffd0ee50000 - 0x00007ffd0eed2000 	C:\Windows\System32\bcryptPrimitives.dll
0x00007ffd06530000 - 0x00007ffd06558000 	C:\green_workspace\tools\jdk-11.0.2\bin\java.dll
0x00007ffcf4190000 - 0x00007ffcf41c7000 	C:\green_workspace\tools\jdk-11.0.2\bin\jdwp.dll
0x00007ffd06510000 - 0x00007ffd06526000 	C:\green_workspace\tools\jdk-11.0.2\bin\zip.dll
0x00007ffd09700000 - 0x00007ffd0970a000 	C:\green_workspace\tools\jdk-11.0.2\bin\jimage.dll
0x00007ffd102c0000 - 0x00007ffd10a04000 	C:\Windows\System32\SHELL32.dll
0x00007ffd0c7e0000 - 0x00007ffd0cf74000 	C:\Windows\SYSTEM32\windows.storage.dll
0x00007ffd0ff60000 - 0x00007ffd102b4000 	C:\Windows\System32\combase.dll
0x00007ffd0e090000 - 0x00007ffd0e0bc000 	C:\Windows\SYSTEM32\Wldp.dll
0x00007ffd0f360000 - 0x00007ffd0f40d000 	C:\Windows\System32\SHCORE.dll
0x00007ffd0f040000 - 0x00007ffd0f095000 	C:\Windows\System32\shlwapi.dll
0x00007ffd0e640000 - 0x00007ffd0e65f000 	C:\Windows\SYSTEM32\profapi.dll
0x00007ffcf9750000 - 0x00007ffcf975a000 	C:\green_workspace\tools\jdk-11.0.2\bin\dt_socket.dll
0x00007ffd0ddf0000 - 0x00007ffd0de5a000 	C:\Windows\System32\mswsock.dll
0x00007ffd0db20000 - 0x00007ffd0dbeb000 	C:\Windows\SYSTEM32\DNSAPI.dll
0x00007ffd0dae0000 - 0x00007ffd0db1b000 	C:\Windows\SYSTEM32\IPHLPAPI.DLL
0x00007ffd0f6b0000 - 0x00007ffd0f6b8000 	C:\Windows\System32\NSI.dll
0x00007ffcfb8f0000 - 0x00007ffcfb970000 	C:\Windows\System32\fwpuclnt.dll
0x00007ffd0e7a0000 - 0x00007ffd0e7c7000 	C:\Windows\System32\bcrypt.dll
0x00007ffcfb850000 - 0x00007ffcfb85a000 	C:\Windows\System32\rasadhlp.dll
0x00007ffd064f0000 - 0x00007ffd06509000 	C:\green_workspace\tools\jdk-11.0.2\bin\net.dll
0x00007ffd098b0000 - 0x00007ffd099ba000 	C:\Windows\SYSTEM32\WINHTTP.dll
0x00007ffcfcdf0000 - 0x00007ffcfcfdc000 	C:\Windows\SYSTEM32\urlmon.dll
0x00007ffcfcdc0000 - 0x00007ffcfcde8000 	C:\Windows\SYSTEM32\srvcli.dll
0x00007ffcfd150000 - 0x00007ffcfd401000 	C:\Windows\SYSTEM32\iertutil.dll
0x00007ffd0dbf0000 - 0x00007ffd0dbfc000 	C:\Windows\SYSTEM32\netutils.dll
0x00007ffd064d0000 - 0x00007ffd064e3000 	C:\green_workspace\tools\jdk-11.0.2\bin\nio.dll
0x00007ffd096c0000 - 0x00007ffd096c9000 	C:\green_workspace\tools\jdk-11.0.2\bin\management.dll
0x00007ffd07a60000 - 0x00007ffd07a6c000 	C:\green_workspace\tools\jdk-11.0.2\bin\management_ext.dll
0x00007ffcf2140000 - 0x00007ffcf2157000 	C:\Windows\system32\napinsp.dll
0x00007ffcf20b0000 - 0x00007ffcf20cb000 	C:\Windows\system32\pnrpnsp.dll
0x00007ffd08b70000 - 0x00007ffd08b85000 	C:\Windows\system32\wshbth.dll
0x00007ffd094d0000 - 0x00007ffd094ed000 	C:\Windows\system32\NLAapi.dll
0x00007ffcf2090000 - 0x00007ffcf20a2000 	C:\Windows\System32\winrnr.dll
0x00007ffd0dfe0000 - 0x00007ffd0dff8000 	C:\Windows\SYSTEM32\CRYPTSP.dll
0x00007ffd0d770000 - 0x00007ffd0d7a4000 	C:\Windows\system32\rsaenh.dll
0x00007ffd0e5c0000 - 0x00007ffd0e5ee000 	C:\Windows\SYSTEM32\USERENV.dll
0x00007ffd0e000000 - 0x00007ffd0e00c000 	C:\Windows\SYSTEM32\CRYPTBASE.dll
0x00007ffd03930000 - 0x00007ffd03947000 	C:\Windows\SYSTEM32\dhcpcsvc6.DLL
0x00007ffd043d0000 - 0x00007ffd043ed000 	C:\Windows\SYSTEM32\dhcpcsvc.DLL

dbghelp: loaded successfully - version: 4.0.5 - missing functions: none
symbol engine: initialized successfully - sym options: 0x614 - pdb path: .;C:\green_workspace\tools\jdk-11.0.2\bin;C:\Windows\SYSTEM32;C:\Windows\WinSxS\amd64_microsoft.windows.common-controls_6595b64144ccf1df_6.0.19041.1110_none_60b5254171f9507e;C:\green_workspace\tools\jdk-11.0.2\bin\server

VM Arguments:
jvm_args: -agentlib:jdwp=transport=dt_socket,server=n,suspend=y,address=localhost:50994 
java_command: site.metacoding.blogproject.BlogprojectApplication
java_class_path (initial): C:\green_workspace\study-lab\blogproject\target\classes;C:\Users\TG\.m2\repository\org\springframework\security\spring-security-taglibs\5.2.2.RELEASE\spring-security-taglibs-5.2.2.RELEASE.jar;C:\Users\TG\.m2\repository\org\springframework\security\spring-security-acl\5.2.2.RELEASE\spring-security-acl-5.2.2.RELEASE.jar;C:\Users\TG\.m2\repository\org\springframework\spring-jdbc\5.2.5.RELEASE\spring-jdbc-5.2.5.RELEASE.jar;C:\Users\TG\.m2\repository\org\springframework\spring-tx\5.2.5.RELEASE\spring-tx-5.2.5.RELEASE.jar;C:\Users\TG\.m2\repository\org\springframework\security\spring-security-core\5.2.2.RELEASE\spring-security-core-5.2.2.RELEASE.jar;C:\Users\TG\.m2\repository\org\springframework\security\spring-security-web\5.2.2.RELEASE\spring-security-web-5.2.2.RELEASE.jar;C:\Users\TG\.m2\repository\org\springframework\spring-aop\5.2.5.RELEASE\spring-aop-5.2.5.RELEASE.jar;C:\Users\TG\.m2\repository\org\springframework\spring-beans\5.2.5.RELEASE\spring-beans-5.2.5.RELEASE.jar;C:\Users\TG\.m2\repository\org\springframework\spring-context\5.2.5.RELEASE\spring-context-5.2.5.RELEASE.jar;C:\Users\TG\.m2\repository\org\springframework\spring-core\5.2.5.RELEASE\spring-core-5.2.5.RELEASE.jar;C:\Users\TG\.m2\repository\org\springframework\spring-jcl\5.2.5.RELEASE\spring-jcl-5.2.5.RELEASE.jar;C:\Users\TG\.m2\repository\org\springframework\spring-expression\5.2.5.RELEASE\spring-expression-5.2.5.RELEASE.jar;C:\Users\TG\.m2\repository\org\springframework\spring-web\5.2.5.RELEASE\spring-web-5.2.5.RELEASE.jar;C:\Users\TG\.m2\repository\org\apache\tomcat\tomcat-jasper\9.0.22\tomcat-jasper-9.0.22.jar;C:\Users\TG\.m2\repository\org\apache\tomcat\tomcat-servlet-api\9.0.22\tomcat-servlet-api-9.0.22.jar;C:\Users\TG\.m2\repository\org\apache\tomcat\tomcat-juli\9.0.22\tomcat-juli-9.0.22.jar;C:\Users\TG\.m2\repository\org\apache\tomcat\tomcat-jsp-api\9.0.33\tomcat-jsp-api-9.0.33.jar;C:\Users\TG\.m2\repository\org\apache\tomcat\tomcat-el-api\9.0.22\tomcat-el-api-9.0.
Launcher Type: SUN_STANDARD

[Global flags]
     intx CICompilerCount                          = 4                                         {product} {ergonomic}
     uint ConcGCThreads                            = 2                                         {product} {ergonomic}
     uint G1ConcRefinementThreads                  = 8                                         {product} {ergonomic}
   size_t G1HeapRegionSize                         = 1048576                                   {product} {ergonomic}
    uintx GCDrainStackTargetSize                   = 64                                        {product} {ergonomic}
   size_t InitialHeapSize                          = 132120576                                 {product} {ergonomic}
   size_t MarkStackSize                            = 4194304                                   {product} {ergonomic}
   size_t MaxHeapSize                              = 2090860544                                {product} {ergonomic}
   size_t MaxNewSize                               = 1254096896                                {product} {ergonomic}
   size_t MinHeapDeltaBytes                        = 1048576                                   {product} {ergonomic}
    uintx NonNMethodCodeHeapSize                   = 5835340                                {pd product} {ergonomic}
    uintx NonProfiledCodeHeapSize                  = 122911450                              {pd product} {ergonomic}
    uintx ProfiledCodeHeapSize                     = 122911450                              {pd product} {ergonomic}
    uintx ReservedCodeCacheSize                    = 251658240                              {pd product} {ergonomic}
     bool SegmentedCodeCache                       = true                                      {product} {ergonomic}
     bool UseCompressedClassPointers               = true                                 {lp64_product} {ergonomic}
     bool UseCompressedOops                        = true                                 {lp64_product} {ergonomic}
     bool UseG1GC                                  = true                                      {product} {ergonomic}
     bool UseLargePagesIndividualAllocation        = false                                  {pd product} {ergonomic}

Logging:
Log output configuration:
 #0: stdout all=warning uptime,level,tags
 #1: stderr all=off uptime,level,tags

Environment Variables:
JAVA_HOME=C:\green_workspace\tools\jdk-11.0.2
PATH=C:\Users\TG\bin;C:\Program Files\Git\mingw64\bin;C:\Program Files\Git\usr\local\bin;C:\Program Files\Git\usr\bin;C:\Program Files\Git\usr\bin;C:\Program Files\Git\mingw64\bin;C:\Program Files\Git\usr\bin;C:\Users\TG\bin;C:\oraclexe\app\oracle\product\11.2.0\server\bin;C:\oraclexe\app\oracle\product\11.2.0\server\bin;C:\Windows\system32;C:\Windows;C:\Windows\System32\Wbem;C:\Windows\System32\WindowsPowerShell\v1.0;C:\Windows\System32\OpenSSH;C:\Program Files\Git\cmd;C:\green_workspace\tools\jdk-11.0.2\bin;C:\Program Files\nodejs;C:\Program Files\MongoDB\Server\5.0\bin;C:\green_workspace\tools\flutter\bin;C:\Users\TG\AppData\Local\Programs\Python\Python310\Scripts;C:\Users\TG\AppData\Local\Programs\Python\Python310;C:\Users\TG\AppData\Local\Microsoft\WindowsApps;C:\Users\TG\AppData\Local\Programs\Microsoft VS Code\bin;%JAVA_HOME&bin;C:\Users\TG\AppData\Roaming\npm;C:\Program Files (x86)\ESTsoft\ALSee\x64;C:\Program Files\Git\usr\bin\vendor_perl;C:\Program Files\Git\usr\bin\core_perl
USERNAME=TG
SHELL=C:\Program Files\Git\usr\bin\bash.exe
DISPLAY=needs-to-be-defined
OS=Windows_NT
PROCESSOR_IDENTIFIER=Intel64 Family 6 Model 142 Stepping 12, GenuineIntel



---------------  S Y S T E M  ---------------

OS: Windows 10 , 64 bit Build 19041 (10.0.19041.1706)

CPU:total 8 (initial active 8) (4 cores per cpu, 2 threads per core) family 6 model 142 stepping 12, cmov, cx8, fxsr, mmx, sse, sse2, sse3, ssse3, sse4.1, sse4.2, popcnt, avx, avx2, aes, clmul, erms, 3dnowpref, lzcnt, ht, tsc, tscinvbit, bmi1, bmi2, adx, fma

Memory: 4k page, system-wide physical 7971M (389M free)
TotalPageFile size 32547M (AvailPageFile size 1M)
current process WorkingSet (physical memory assigned to process): 328M, peak: 328M
current process commit charge ("private bytes"): 406M, peak: 406M

vm_info: OpenJDK 64-Bit Server VM (11.0.2+9) for windows-amd64 JRE (11.0.2+9), built on Jan 18 2019 05:23:22 by "mach5one" with MS VC++ 15.5 (VS2017)

END.
