#
# There is insufficient memory for the Java Runtime Environment to continue.
# Native memory allocation (malloc) failed to allocate 2044496 bytes for Chunk::new
# Possible reasons:
#   The system is out of physical RAM or swap space
#   The process is running with CompressedOops enabled, and the Java Heap may be blocking the growth of the native heap
# Possible solutions:
#   Reduce memory load on the system
#   Increase physical memory or swap space
#   Check if swap backing store is full
#   Decrease Java heap size (-Xmx/-Xms)
#   Decrease number of Java threads
#   Decrease Java thread stack sizes (-Xss)
#   Set larger code cache with -XX:ReservedCodeCacheSize=
#   JVM is running with Unscaled Compressed Oops mode in which the Java heap is
#     placed in the first 4GB address space. The Java Heap base address is the
#     maximum limit for the native heap growth. Please use -XX:HeapBaseMinAddress
#     to set the Java Heap base and to place the Java Heap above 4GB virtual address.
# This output file may be truncated or incomplete.
#
#  Out of Memory Error (t:/workspace/open/src/hotspot/share/memory/arena.cpp:197), pid=12496, tid=6060
#
# JRE version: OpenJDK Runtime Environment (11.0.2+9) (build 11.0.2+9)
# Java VM: OpenJDK 64-Bit Server VM (11.0.2+9, mixed mode, tiered, compressed oops, g1 gc, windows-amd64)
# No core dump will be written. Minidumps are not enabled by default on client versions of Windows
#

---------------  S U M M A R Y ------------

Command Line: -agentlib:jdwp=transport=dt_socket,server=n,suspend=y,address=localhost:50758 site.metacoding.blogproject.BlogprojectApplication

Host: Intel(R) Core(TM) i7-10510U CPU @ 1.80GHz, 8 cores, 7G,  Windows 10 , 64 bit Build 19041 (10.0.19041.1706)
Time: Thu Jun  9 14:49:14 2022 대한민국 표준시 elapsed time: 8 seconds (0d 0h 0m 8s)

---------------  T H R E A D  ---------------

Current thread (0x00000229d8f47000):  JavaThread "C2 CompilerThread0" daemon [_thread_in_native, id=6060, stack(0x000000aa12900000,0x000000aa12a00000)]


Current CompileTask:
C2:   8220 2695       4       java.lang.invoke.MethodType::makeImpl (108 bytes)

Stack: [0x000000aa12900000,0x000000aa12a00000]
Native frames: (J=compiled Java code, j=interpreted, Vv=VM code, C=native code)
V  [jvm.dll+0x63489a]
V  [jvm.dll+0x771f9f]
V  [jvm.dll+0x773648]
V  [jvm.dll+0x773d03]
V  [jvm.dll+0x25eba8]
V  [jvm.dll+0xc2191]
V  [jvm.dll+0xc271c]
V  [jvm.dll+0x36cc47]
V  [jvm.dll+0x339b13]
V  [jvm.dll+0x338eea]
V  [jvm.dll+0x2189c5]
V  [jvm.dll+0x217b6a]
V  [jvm.dll+0x194370]
V  [jvm.dll+0x226b3f]
V  [jvm.dll+0x225148]
V  [jvm.dll+0x73774d]
V  [jvm.dll+0x633942]
C  [ucrtbase.dll+0x21bb2]
C  [KERNEL32.DLL+0x17034]
C  [ntdll.dll+0x52651]


---------------  P R O C E S S  ---------------

Threads class SMR info:
_java_thread_list=0x00000229dad79dd0, length=17, elements={
0x00000229b9410000, 0x00000229d8624800, 0x00000229d8625800, 0x00000229d8f44800,
0x00000229d8f46000, 0x00000229d8f47000, 0x00000229d8f4a000, 0x00000229d8f4d800,
0x00000229d90e1000, 0x00000229d90e3800, 0x00000229d90e6000, 0x00000229d90f5000,
0x00000229d9102800, 0x00000229da1cd800, 0x00000229da1ce800, 0x00000229da40c000,
0x00000229d9c12800
}

Java Threads: ( => current thread )
  0x00000229b9410000 JavaThread "main" [_thread_blocked, id=17956, stack(0x000000aa11e00000,0x000000aa11f00000)]
  0x00000229d8624800 JavaThread "Reference Handler" daemon [_thread_blocked, id=26208, stack(0x000000aa12500000,0x000000aa12600000)]
  0x00000229d8625800 JavaThread "Finalizer" daemon [_thread_blocked, id=20164, stack(0x000000aa12600000,0x000000aa12700000)]
  0x00000229d8f44800 JavaThread "Signal Dispatcher" daemon [_thread_blocked, id=856, stack(0x000000aa12700000,0x000000aa12800000)]
  0x00000229d8f46000 JavaThread "Attach Listener" daemon [_thread_blocked, id=28648, stack(0x000000aa12800000,0x000000aa12900000)]
=>0x00000229d8f47000 JavaThread "C2 CompilerThread0" daemon [_thread_in_native, id=6060, stack(0x000000aa12900000,0x000000aa12a00000)]
  0x00000229d8f4a000 JavaThread "C1 CompilerThread0" daemon [_thread_in_vm, id=7780, stack(0x000000aa12a00000,0x000000aa12b00000)]
  0x00000229d8f4d800 JavaThread "Sweeper thread" daemon [_thread_blocked, id=10508, stack(0x000000aa12b00000,0x000000aa12c00000)]
  0x00000229d90e1000 JavaThread "JDWP Transport Listener: dt_socket" daemon [_thread_blocked, id=18176, stack(0x000000aa12c00000,0x000000aa12d00000)]
  0x00000229d90e3800 JavaThread "JDWP Event Helper Thread" daemon [_thread_blocked, id=6540, stack(0x000000aa12d00000,0x000000aa12e00000)]
  0x00000229d90e6000 JavaThread "JDWP Command Reader" daemon [_thread_in_native, id=11052, stack(0x000000aa12e00000,0x000000aa12f00000)]
  0x00000229d90f5000 JavaThread "Service Thread" daemon [_thread_blocked, id=28516, stack(0x000000aa12f00000,0x000000aa13000000)]
  0x00000229d9102800 JavaThread "Common-Cleaner" daemon [_thread_blocked, id=26164, stack(0x000000aa13100000,0x000000aa13200000)]
  0x00000229da1cd800 JavaThread "Thread-0" [_thread_blocked, id=21716, stack(0x000000aa13400000,0x000000aa13500000)]
  0x00000229da1ce800 JavaThread "restartedMain" [_thread_in_native, id=23504, stack(0x000000aa13500000,0x000000aa13600000)]
  0x00000229da40c000 JavaThread "C2 CompilerThread1" daemon [_thread_in_native, id=12712, stack(0x000000aa13c00000,0x000000aa13d00000)]
  0x00000229d9c12800 JavaThread "C2 CompilerThread2" daemon [_thread_in_native, id=4728, stack(0x000000aa13600000,0x000000aa13700000)]

Other Threads:
  0x00000229d85f9800 VMThread "VM Thread" [stack: 0x000000aa12400000,0x000000aa12500000] [id=28316]
  0x00000229d90fe000 WatcherThread [stack: 0x000000aa13000000,0x000000aa13100000] [id=22432]
  0x00000229b9428000 GCTaskThread "GC Thread#0" [stack: 0x000000aa11f00000,0x000000aa12000000] [id=15120]
  0x00000229d9c31800 GCTaskThread "GC Thread#1" [stack: 0x000000aa13200000,0x000000aa13300000] [id=3212]
  0x00000229da2dd800 GCTaskThread "GC Thread#2" [stack: 0x000000aa13300000,0x000000aa13400000] [id=14732]
  0x00000229da1ec000 GCTaskThread "GC Thread#3" [stack: 0x000000aa13700000,0x000000aa13800000] [id=23948]
  0x00000229da141000 GCTaskThread "GC Thread#4" [stack: 0x000000aa13800000,0x000000aa13900000] [id=22492]
  0x00000229da1f5800 GCTaskThread "GC Thread#5" [stack: 0x000000aa13900000,0x000000aa13a00000] [id=26032]
  0x00000229da1d4000 GCTaskThread "GC Thread#6" [stack: 0x000000aa13a00000,0x000000aa13b00000] [id=652]
  0x00000229da1d4800 GCTaskThread "GC Thread#7" [stack: 0x000000aa13b00000,0x000000aa13c00000] [id=12840]
  0x00000229b9459000 ConcurrentGCThread "G1 Main Marker" [stack: 0x000000aa12000000,0x000000aa12100000] [id=22304]
  0x00000229b945a800 ConcurrentGCThread "G1 Conc#0" [stack: 0x000000aa12100000,0x000000aa12200000] [id=20124]
  0x00000229da268000 ConcurrentGCThread "G1 Conc#1" [stack: 0x000000aa13d00000,0x000000aa13e00000] [id=272]
  0x00000229b94ed800 ConcurrentGCThread "G1 Refine#0" [stack: 0x000000aa12200000,0x000000aa12300000] [id=4496]
  0x00000229d8462800 ConcurrentGCThread "G1 Young RemSet Sampling" [stack: 0x000000aa12300000,0x000000aa12400000] [id=15656]

Threads with active compile tasks:
C2 CompilerThread02695       4       java.lang.invoke.MethodType::makeImpl (108 bytes)
C2 CompilerThread12807   !   4       org.springframework.beans.factory.support.DefaultSingletonBeanRegistry::getSingleton (117 bytes)
C2 CompilerThread22809       4       org.springframework.beans.factory.support.DefaultSingletonBeanRegistry::containsSingleton (11 bytes)

VM state:not at safepoint (normal execution)

VM Mutex/Monitor currently owned by a thread: None

Heap address: 0x0000000083600000, size: 1994 MB, Compressed Oops mode: 32-bit
Narrow klass base: 0x0000000000000000, Narrow klass shift: 3
Compressed class space size: 1073741824 Address: 0x0000000100000000

Heap:
 garbage-first heap   total 129024K, used 58106K [0x0000000083600000, 0x0000000100000000)
  region size 1024K, 51 young (52224K), 4 survivors (4096K)
 Metaspace       used 30092K, capacity 30792K, committed 30848K, reserved 1077248K
  class space    used 3471K, capacity 3704K, committed 3712K, reserved 1048576K
Heap Regions: E=young(eden), S=young(survivor), O=old, HS=humongous(starts), HC=humongous(continues), CS=collection set, F=free, A=archive, TAMS=top-at-mark-start (previous, next)
|   0|0x0000000083600000, 0x0000000083700000, 0x0000000083700000|100%|HS|  |TAMS 0x0000000083700000, 0x0000000083600000| Complete 
|   1|0x0000000083700000, 0x0000000083800000, 0x0000000083800000|100%| O|  |TAMS 0x0000000083800000, 0x0000000083700000| Untracked 
|   2|0x0000000083800000, 0x0000000083900000, 0x0000000083900000|100%| O|  |TAMS 0x0000000083900000, 0x0000000083800000| Untracked 
|   3|0x0000000083900000, 0x0000000083a00000, 0x0000000083a00000|100%| O|  |TAMS 0x00000000839f3c00, 0x0000000083900000| Untracked 
|   4|0x0000000083a00000, 0x0000000083b00000, 0x0000000083b00000|100%| O|  |TAMS 0x0000000083a00000, 0x0000000083a00000| Untracked 
|   5|0x0000000083b00000, 0x0000000083c00000, 0x0000000083c00000|100%| O|  |TAMS 0x0000000083b00000, 0x0000000083b00000| Untracked 
|   6|0x0000000083c00000, 0x0000000083ce1400, 0x0000000083d00000| 87%| O|  |TAMS 0x0000000083c00000, 0x0000000083c00000| Untracked 
|   7|0x0000000083d00000, 0x0000000083d00000, 0x0000000083e00000|  0%| F|  |TAMS 0x0000000083d00000, 0x0000000083d00000| Untracked 
|   8|0x0000000083e00000, 0x0000000083e00000, 0x0000000083f00000|  0%| F|  |TAMS 0x0000000083e00000, 0x0000000083e00000| Untracked 
|   9|0x0000000083f00000, 0x0000000083f00000, 0x0000000084000000|  0%| F|  |TAMS 0x0000000083f00000, 0x0000000083f00000| Untracked 
|  10|0x0000000084000000, 0x0000000084000000, 0x0000000084100000|  0%| F|  |TAMS 0x0000000084000000, 0x0000000084000000| Untracked 
|  11|0x0000000084100000, 0x0000000084100000, 0x0000000084200000|  0%| F|  |TAMS 0x0000000084100000, 0x0000000084100000| Untracked 
|  12|0x0000000084200000, 0x0000000084200000, 0x0000000084300000|  0%| F|  |TAMS 0x0000000084200000, 0x0000000084200000| Untracked 
|  13|0x0000000084300000, 0x0000000084300000, 0x0000000084400000|  0%| F|  |TAMS 0x0000000084300000, 0x0000000084300000| Untracked 
|  14|0x0000000084400000, 0x0000000084400000, 0x0000000084500000|  0%| F|  |TAMS 0x0000000084400000, 0x0000000084400000| Untracked 
|  15|0x0000000084500000, 0x0000000084500000, 0x0000000084600000|  0%| F|  |TAMS 0x0000000084500000, 0x0000000084500000| Untracked 
|  16|0x0000000084600000, 0x0000000084600000, 0x0000000084700000|  0%| F|  |TAMS 0x0000000084600000, 0x0000000084600000| Untracked 
|  17|0x0000000084700000, 0x0000000084700000, 0x0000000084800000|  0%| F|  |TAMS 0x0000000084700000, 0x0000000084700000| Untracked 
|  18|0x0000000084800000, 0x0000000084800000, 0x0000000084900000|  0%| F|  |TAMS 0x0000000084800000, 0x0000000084800000| Untracked 
|  19|0x0000000084900000, 0x0000000084900000, 0x0000000084a00000|  0%| F|  |TAMS 0x0000000084900000, 0x0000000084900000| Untracked 
|  20|0x0000000084a00000, 0x0000000084a00000, 0x0000000084b00000|  0%| F|  |TAMS 0x0000000084a00000, 0x0000000084a00000| Untracked 
|  21|0x0000000084b00000, 0x0000000084b00000, 0x0000000084c00000|  0%| F|  |TAMS 0x0000000084b00000, 0x0000000084b00000| Untracked 
|  22|0x0000000084c00000, 0x0000000084c00000, 0x0000000084d00000|  0%| F|  |TAMS 0x0000000084c00000, 0x0000000084c00000| Untracked 
|  23|0x0000000084d00000, 0x0000000084d00000, 0x0000000084e00000|  0%| F|  |TAMS 0x0000000084d00000, 0x0000000084d00000| Untracked 
|  24|0x0000000084e00000, 0x0000000084e00000, 0x0000000084f00000|  0%| F|  |TAMS 0x0000000084e00000, 0x0000000084e00000| Untracked 
|  25|0x0000000084f00000, 0x0000000084f00000, 0x0000000085000000|  0%| F|  |TAMS 0x0000000084f00000, 0x0000000084f00000| Untracked 
|  26|0x0000000085000000, 0x0000000085000000, 0x0000000085100000|  0%| F|  |TAMS 0x0000000085000000, 0x0000000085000000| Untracked 
|  27|0x0000000085100000, 0x0000000085100000, 0x0000000085200000|  0%| F|  |TAMS 0x0000000085100000, 0x0000000085100000| Untracked 
|  28|0x0000000085200000, 0x0000000085200000, 0x0000000085300000|  0%| F|  |TAMS 0x0000000085200000, 0x0000000085200000| Untracked 
|  29|0x0000000085300000, 0x0000000085300000, 0x0000000085400000|  0%| F|  |TAMS 0x0000000085300000, 0x0000000085300000| Untracked 
|  30|0x0000000085400000, 0x0000000085400000, 0x0000000085500000|  0%| F|  |TAMS 0x0000000085400000, 0x0000000085400000| Untracked 
|  31|0x0000000085500000, 0x0000000085500000, 0x0000000085600000|  0%| F|  |TAMS 0x0000000085500000, 0x0000000085500000| Untracked 
|  32|0x0000000085600000, 0x0000000085600000, 0x0000000085700000|  0%| F|  |TAMS 0x0000000085600000, 0x0000000085600000| Untracked 
|  33|0x0000000085700000, 0x0000000085700000, 0x0000000085800000|  0%| F|  |TAMS 0x0000000085700000, 0x0000000085700000| Untracked 
|  34|0x0000000085800000, 0x0000000085800000, 0x0000000085900000|  0%| F|  |TAMS 0x0000000085800000, 0x0000000085800000| Untracked 
|  35|0x0000000085900000, 0x0000000085900000, 0x0000000085a00000|  0%| F|  |TAMS 0x0000000085900000, 0x0000000085900000| Untracked 
|  36|0x0000000085a00000, 0x0000000085a00000, 0x0000000085b00000|  0%| F|  |TAMS 0x0000000085a00000, 0x0000000085a00000| Untracked 
|  37|0x0000000085b00000, 0x0000000085b00000, 0x0000000085c00000|  0%| F|  |TAMS 0x0000000085b00000, 0x0000000085b00000| Untracked 
|  38|0x0000000085c00000, 0x0000000085c00000, 0x0000000085d00000|  0%| F|  |TAMS 0x0000000085c00000, 0x0000000085c00000| Untracked 
|  39|0x0000000085d00000, 0x0000000085d00000, 0x0000000085e00000|  0%| F|  |TAMS 0x0000000085d00000, 0x0000000085d00000| Untracked 
|  40|0x0000000085e00000, 0x0000000085e00000, 0x0000000085f00000|  0%| F|  |TAMS 0x0000000085e00000, 0x0000000085e00000| Untracked 
|  41|0x0000000085f00000, 0x0000000085f00000, 0x0000000086000000|  0%| F|  |TAMS 0x0000000085f00000, 0x0000000085f00000| Untracked 
|  42|0x0000000086000000, 0x0000000086000000, 0x0000000086100000|  0%| F|  |TAMS 0x0000000086000000, 0x0000000086000000| Untracked 
|  43|0x0000000086100000, 0x0000000086100000, 0x0000000086200000|  0%| F|  |TAMS 0x0000000086100000, 0x0000000086100000| Untracked 
|  44|0x0000000086200000, 0x0000000086200000, 0x0000000086300000|  0%| F|  |TAMS 0x0000000086200000, 0x0000000086200000| Untracked 
|  45|0x0000000086300000, 0x0000000086300000, 0x0000000086400000|  0%| F|  |TAMS 0x0000000086300000, 0x0000000086300000| Untracked 
|  46|0x0000000086400000, 0x0000000086400000, 0x0000000086500000|  0%| F|  |TAMS 0x0000000086400000, 0x0000000086400000| Untracked 
|  47|0x0000000086500000, 0x00000000865dd490, 0x0000000086600000| 86%| S|CS|TAMS 0x0000000086500000, 0x0000000086500000| Complete 
|  48|0x0000000086600000, 0x0000000086700000, 0x0000000086700000|100%| S|CS|TAMS 0x0000000086600000, 0x0000000086600000| Complete 
|  49|0x0000000086700000, 0x0000000086800000, 0x0000000086800000|100%| S|CS|TAMS 0x0000000086700000, 0x0000000086700000| Complete 
|  50|0x0000000086800000, 0x0000000086900000, 0x0000000086900000|100%| S|CS|TAMS 0x0000000086800000, 0x0000000086800000| Complete 
|  51|0x0000000086900000, 0x0000000086900000, 0x0000000086a00000|  0%| F|  |TAMS 0x0000000086900000, 0x0000000086900000| Untracked 
|  52|0x0000000086a00000, 0x0000000086a00000, 0x0000000086b00000|  0%| F|  |TAMS 0x0000000086a00000, 0x0000000086a00000| Untracked 
|  53|0x0000000086b00000, 0x0000000086b00000, 0x0000000086c00000|  0%| F|  |TAMS 0x0000000086b00000, 0x0000000086b00000| Untracked 
|  54|0x0000000086c00000, 0x0000000086c00000, 0x0000000086d00000|  0%| F|  |TAMS 0x0000000086c00000, 0x0000000086c00000| Untracked 
|  55|0x0000000086d00000, 0x0000000086d00000, 0x0000000086e00000|  0%| F|  |TAMS 0x0000000086d00000, 0x0000000086d00000| Untracked 
|  56|0x0000000086e00000, 0x0000000086e00000, 0x0000000086f00000|  0%| F|  |TAMS 0x0000000086e00000, 0x0000000086e00000| Untracked 
|  57|0x0000000086f00000, 0x0000000086f00000, 0x0000000087000000|  0%| F|  |TAMS 0x0000000086f00000, 0x0000000086f00000| Untracked 
|  58|0x0000000087000000, 0x0000000087000000, 0x0000000087100000|  0%| F|  |TAMS 0x0000000087000000, 0x0000000087000000| Untracked 
|  59|0x0000000087100000, 0x0000000087100000, 0x0000000087200000|  0%| F|  |TAMS 0x0000000087100000, 0x0000000087100000| Untracked 
|  60|0x0000000087200000, 0x0000000087200000, 0x0000000087300000|  0%| F|  |TAMS 0x0000000087200000, 0x0000000087200000| Untracked 
|  61|0x0000000087300000, 0x0000000087300000, 0x0000000087400000|  0%| F|  |TAMS 0x0000000087300000, 0x0000000087300000| Untracked 
|  62|0x0000000087400000, 0x0000000087400000, 0x0000000087500000|  0%| F|  |TAMS 0x0000000087400000, 0x0000000087400000| Untracked 
|  63|0x0000000087500000, 0x0000000087500000, 0x0000000087600000|  0%| F|  |TAMS 0x0000000087500000, 0x0000000087500000| Untracked 
|  64|0x0000000087600000, 0x0000000087600000, 0x0000000087700000|  0%| F|  |TAMS 0x0000000087600000, 0x0000000087600000| Untracked 
|  65|0x0000000087700000, 0x0000000087700000, 0x0000000087800000|  0%| F|  |TAMS 0x0000000087700000, 0x0000000087700000| Untracked 
|  66|0x0000000087800000, 0x0000000087800000, 0x0000000087900000|  0%| F|  |TAMS 0x0000000087800000, 0x0000000087800000| Untracked 
|  67|0x0000000087900000, 0x0000000087900000, 0x0000000087a00000|  0%| F|  |TAMS 0x0000000087900000, 0x0000000087900000| Untracked 
|  68|0x0000000087a00000, 0x0000000087a00000, 0x0000000087b00000|  0%| F|  |TAMS 0x0000000087a00000, 0x0000000087a00000| Untracked 
|  69|0x0000000087b00000, 0x0000000087b00000, 0x0000000087c00000|  0%| F|  |TAMS 0x0000000087b00000, 0x0000000087b00000| Untracked 
|  70|0x0000000087c00000, 0x0000000087c00000, 0x0000000087d00000|  0%| F|  |TAMS 0x0000000087c00000, 0x0000000087c00000| Untracked 
|  71|0x0000000087d00000, 0x0000000087d00000, 0x0000000087e00000|  0%| F|  |TAMS 0x0000000087d00000, 0x0000000087d00000| Untracked 
|  72|0x0000000087e00000, 0x0000000087e00000, 0x0000000087f00000|  0%| F|  |TAMS 0x0000000087e00000, 0x0000000087e00000| Untracked 
|  73|0x0000000087f00000, 0x0000000087f00000, 0x0000000088000000|  0%| F|  |TAMS 0x0000000087f00000, 0x0000000087f00000| Untracked 
|  74|0x0000000088000000, 0x0000000088000000, 0x0000000088100000|  0%| F|  |TAMS 0x0000000088000000, 0x0000000088000000| Untracked 
|  75|0x0000000088100000, 0x0000000088100000, 0x0000000088200000|  0%| F|  |TAMS 0x0000000088100000, 0x0000000088100000| Untracked 
|  76|0x0000000088200000, 0x0000000088200000, 0x0000000088300000|  0%| F|  |TAMS 0x0000000088200000, 0x0000000088200000| Untracked 
|  77|0x0000000088300000, 0x0000000088300000, 0x0000000088400000|  0%| F|  |TAMS 0x0000000088300000, 0x0000000088300000| Untracked 
|  78|0x0000000088400000, 0x0000000088400000, 0x0000000088500000|  0%| F|  |TAMS 0x0000000088400000, 0x0000000088400000| Untracked 
|  79|0x0000000088500000, 0x0000000088580800, 0x0000000088600000| 50%| E|  |TAMS 0x0000000088500000, 0x0000000088500000| Complete 
|  80|0x0000000088600000, 0x0000000088700000, 0x0000000088700000|100%| E|CS|TAMS 0x0000000088600000, 0x0000000088600000| Complete 
|  81|0x0000000088700000, 0x0000000088800000, 0x0000000088800000|100%| E|CS|TAMS 0x0000000088700000, 0x0000000088700000| Complete 
|  82|0x0000000088800000, 0x0000000088900000, 0x0000000088900000|100%| E|CS|TAMS 0x0000000088800000, 0x0000000088800000| Complete 
|  83|0x0000000088900000, 0x0000000088a00000, 0x0000000088a00000|100%| E|CS|TAMS 0x0000000088900000, 0x0000000088900000| Complete 
|  84|0x0000000088a00000, 0x0000000088b00000, 0x0000000088b00000|100%| E|CS|TAMS 0x0000000088a00000, 0x0000000088a00000| Complete 
|  85|0x0000000088b00000, 0x0000000088c00000, 0x0000000088c00000|100%| E|CS|TAMS 0x0000000088b00000, 0x0000000088b00000| Complete 
|  86|0x0000000088c00000, 0x0000000088d00000, 0x0000000088d00000|100%| E|CS|TAMS 0x0000000088c00000, 0x0000000088c00000| Complete 
|  87|0x0000000088d00000, 0x0000000088e00000, 0x0000000088e00000|100%| E|CS|TAMS 0x0000000088d00000, 0x0000000088d00000| Complete 
|  88|0x0000000088e00000, 0x0000000088f00000, 0x0000000088f00000|100%| E|CS|TAMS 0x0000000088e00000, 0x0000000088e00000| Complete 
|  89|0x0000000088f00000, 0x0000000089000000, 0x0000000089000000|100%| E|CS|TAMS 0x0000000088f00000, 0x0000000088f00000| Complete 
|  90|0x0000000089000000, 0x0000000089100000, 0x0000000089100000|100%| E|CS|TAMS 0x0000000089000000, 0x0000000089000000| Complete 
|  91|0x0000000089100000, 0x0000000089200000, 0x0000000089200000|100%| E|CS|TAMS 0x0000000089100000, 0x0000000089100000| Complete 
|  92|0x0000000089200000, 0x0000000089300000, 0x0000000089300000|100%| E|CS|TAMS 0x0000000089200000, 0x0000000089200000| Complete 
|  93|0x0000000089300000, 0x0000000089400000, 0x0000000089400000|100%| E|CS|TAMS 0x0000000089300000, 0x0000000089300000| Complete 
|  94|0x0000000089400000, 0x0000000089500000, 0x0000000089500000|100%| E|CS|TAMS 0x0000000089400000, 0x0000000089400000| Complete 
|  95|0x0000000089500000, 0x0000000089600000, 0x0000000089600000|100%| E|CS|TAMS 0x0000000089500000, 0x0000000089500000| Complete 
|  96|0x0000000089600000, 0x0000000089700000, 0x0000000089700000|100%| E|CS|TAMS 0x0000000089600000, 0x0000000089600000| Complete 
|  97|0x0000000089700000, 0x0000000089800000, 0x0000000089800000|100%| E|CS|TAMS 0x0000000089700000, 0x0000000089700000| Complete 
|  98|0x0000000089800000, 0x0000000089900000, 0x0000000089900000|100%| E|CS|TAMS 0x0000000089800000, 0x0000000089800000| Complete 
|  99|0x0000000089900000, 0x0000000089a00000, 0x0000000089a00000|100%| E|CS|TAMS 0x0000000089900000, 0x0000000089900000| Complete 
| 100|0x0000000089a00000, 0x0000000089b00000, 0x0000000089b00000|100%| E|CS|TAMS 0x0000000089a00000, 0x0000000089a00000| Complete 
| 101|0x0000000089b00000, 0x0000000089c00000, 0x0000000089c00000|100%| E|CS|TAMS 0x0000000089b00000, 0x0000000089b00000| Complete 
| 102|0x0000000089c00000, 0x0000000089d00000, 0x0000000089d00000|100%| E|CS|TAMS 0x0000000089c00000, 0x0000000089c00000| Complete 
| 103|0x0000000089d00000, 0x0000000089e00000, 0x0000000089e00000|100%| E|CS|TAMS 0x0000000089d00000, 0x0000000089d00000| Complete 
| 104|0x0000000089e00000, 0x0000000089f00000, 0x0000000089f00000|100%| E|CS|TAMS 0x0000000089e00000, 0x0000000089e00000| Complete 
| 105|0x0000000089f00000, 0x000000008a000000, 0x000000008a000000|100%| E|CS|TAMS 0x0000000089f00000, 0x0000000089f00000| Complete 
| 106|0x000000008a000000, 0x000000008a100000, 0x000000008a100000|100%| E|CS|TAMS 0x000000008a000000, 0x000000008a000000| Complete 
| 107|0x000000008a100000, 0x000000008a200000, 0x000000008a200000|100%| E|CS|TAMS 0x000000008a100000, 0x000000008a100000| Complete 
| 108|0x000000008a200000, 0x000000008a300000, 0x000000008a300000|100%| E|CS|TAMS 0x000000008a200000, 0x000000008a200000| Complete 
| 109|0x000000008a300000, 0x000000008a400000, 0x000000008a400000|100%| E|CS|TAMS 0x000000008a300000, 0x000000008a300000| Complete 
| 110|0x000000008a400000, 0x000000008a500000, 0x000000008a500000|100%| E|CS|TAMS 0x000000008a400000, 0x000000008a400000| Complete 
| 111|0x000000008a500000, 0x000000008a600000, 0x000000008a600000|100%| E|CS|TAMS 0x000000008a500000, 0x000000008a500000| Complete 
| 112|0x000000008a600000, 0x000000008a700000, 0x000000008a700000|100%| E|CS|TAMS 0x000000008a600000, 0x000000008a600000| Complete 
| 113|0x000000008a700000, 0x000000008a800000, 0x000000008a800000|100%| E|CS|TAMS 0x000000008a700000, 0x000000008a700000| Complete 
| 114|0x000000008a800000, 0x000000008a900000, 0x000000008a900000|100%| E|CS|TAMS 0x000000008a800000, 0x000000008a800000| Complete 
| 115|0x000000008a900000, 0x000000008aa00000, 0x000000008aa00000|100%| E|CS|TAMS 0x000000008a900000, 0x000000008a900000| Complete 
| 116|0x000000008aa00000, 0x000000008ab00000, 0x000000008ab00000|100%| E|CS|TAMS 0x000000008aa00000, 0x000000008aa00000| Complete 
| 117|0x000000008ab00000, 0x000000008ac00000, 0x000000008ac00000|100%| E|CS|TAMS 0x000000008ab00000, 0x000000008ab00000| Complete 
| 118|0x000000008ac00000, 0x000000008ad00000, 0x000000008ad00000|100%| E|CS|TAMS 0x000000008ac00000, 0x000000008ac00000| Complete 
| 119|0x000000008ad00000, 0x000000008ae00000, 0x000000008ae00000|100%| E|CS|TAMS 0x000000008ad00000, 0x000000008ad00000| Complete 
| 120|0x000000008ae00000, 0x000000008af00000, 0x000000008af00000|100%| E|CS|TAMS 0x000000008ae00000, 0x000000008ae00000| Complete 
| 121|0x000000008af00000, 0x000000008b000000, 0x000000008b000000|100%| E|CS|TAMS 0x000000008af00000, 0x000000008af00000| Complete 
| 122|0x000000008b000000, 0x000000008b100000, 0x000000008b100000|100%| E|CS|TAMS 0x000000008b000000, 0x000000008b000000| Complete 
| 123|0x000000008b100000, 0x000000008b200000, 0x000000008b200000|100%| E|CS|TAMS 0x000000008b100000, 0x000000008b100000| Complete 
| 124|0x000000008b200000, 0x000000008b300000, 0x000000008b300000|100%| E|CS|TAMS 0x000000008b200000, 0x000000008b200000| Complete 
| 125|0x000000008b300000, 0x000000008b400000, 0x000000008b400000|100%| E|CS|TAMS 0x000000008b300000, 0x000000008b300000| Complete 

Card table byte_map: [0x00000229d1590000,0x00000229d1980000] _byte_map_base: 0x00000229d1175000

Marking Bits (Prev, Next): (CMBitMap*) 0x00000229b9450530, (CMBitMap*) 0x00000229b94504f8
 Prev Bits: [0x00000229d3ca0000, 0x00000229d5bc8000)
 Next Bits: [0x00000229d1d70000, 0x00000229d3c98000)

Polling page: 0x00000229b9320000

Metaspace:

Usage:
  Non-class:     26.46 MB capacity,    26.02 MB ( 98%) used,   369.02 KB (  1%) free+waste,    78.00 KB ( <1%) overhead. 
      Class:      3.62 MB capacity,     3.40 MB ( 94%) used,   190.42 KB (  5%) free+waste,    36.13 KB ( <1%) overhead. 
       Both:     30.08 MB capacity,    29.42 MB ( 98%) used,   559.44 KB (  2%) free+waste,   114.13 KB ( <1%) overhead. 

Virtual space:
  Non-class space:       28.00 MB reserved,      26.50 MB ( 95%) committed 
      Class space:        1.00 GB reserved,       3.63 MB ( <1%) committed 
             Both:        1.03 GB reserved,      30.13 MB (  3%) committed 

Chunk freelists:
   Non-Class:  5.38 KB
       Class:  896 bytes
        Both:  6.25 KB

CodeHeap 'non-profiled nmethods': size=120000Kb used=1356Kb max_used=1356Kb free=118643Kb
 bounds [0x00000229c9200000, 0x00000229c9470000, 0x00000229d0730000]
CodeHeap 'profiled nmethods': size=120000Kb used=5916Kb max_used=5916Kb free=114084Kb
 bounds [0x00000229c1cd0000, 0x00000229c22a0000, 0x00000229c9200000]
CodeHeap 'non-nmethods': size=5760Kb used=1207Kb max_used=1250Kb free=4552Kb
 bounds [0x00000229c1730000, 0x00000229c19a0000, 0x00000229c1cd0000]
 total_blobs=3905 nmethods=2703 adapters=360
 compilation: enabled
              stopped_count=0, restarted_count=0
 full_count=0

Compilation events (10 events):
Event: 8.187 Thread 0x00000229d8f4a000 nmethod 2766 0x00000229c934d810 code [0x00000229c934d9c0, 0x00000229c934db18]
Event: 8.187 Thread 0x00000229d8f4a000 2767       3       java.util.concurrent.ConcurrentHashMap::isEmpty (15 bytes)
Event: 8.188 Thread 0x00000229d8f4a000 nmethod 2767 0x00000229c2277b90 code [0x00000229c2277d60, 0x00000229c2277f70]
Event: 8.188 Thread 0x00000229d8f4a000 2768       3       org.springframework.core.annotation.AnnotationAttributes::assertNotException (44 bytes)
Event: 8.189 Thread 0x00000229d8f4a000 nmethod 2768 0x00000229c2278010 code [0x00000229c22782e0, 0x00000229c2279370]
Event: 8.189 Thread 0x00000229d8f4a000 2769       3       org.springframework.core.annotation.AnnotationAttributes::assertAttributeType (54 bytes)
Event: 8.191 Thread 0x00000229d8f4a000 nmethod 2769 0x00000229c2279810 code [0x00000229c2279b40, 0x00000229c227aef0]
Event: 8.193 Thread 0x00000229d9c12800 nmethod 2765 0x00000229c934db90 code [0x00000229c934dd40, 0x00000229c934e298]
Event: 8.196 Thread 0x00000229d8f4a000 2770       1       org.springframework.beans.factory.support.AbstractBeanDefinition::setBeanClassName (6 bytes)
Event: 8.196 Thread 0x00000229d8f4a000 nmethod 2770 0x00000229c934e590 code [0x00000229c934e740, 0x00000229c934e8b8]

GC Heap History (8 events):
Event: 4.103 GC heap before
{Heap before GC invocations=0 (full 0):
 garbage-first heap   total 129024K, used 24576K [0x0000000083600000, 0x0000000100000000)
  region size 1024K, 24 young (24576K), 0 survivors (0K)
 Metaspace       used 11114K, capacity 11389K, committed 11648K, reserved 1060864K
  class space    used 1050K, capacity 1138K, committed 1152K, reserved 1048576K
}
Event: 4.117 GC heap after
{Heap after GC invocations=1 (full 0):
 garbage-first heap   total 129024K, used 7119K [0x0000000083600000, 0x0000000100000000)
  region size 1024K, 3 young (3072K), 3 survivors (3072K)
 Metaspace       used 11114K, capacity 11389K, committed 11648K, reserved 1060864K
  class space    used 1050K, capacity 1138K, committed 1152K, reserved 1048576K
}
Event: 4.418 GC heap before
{Heap before GC invocations=1 (full 0):
 garbage-first heap   total 129024K, used 45007K [0x0000000083600000, 0x0000000100000000)
  region size 1024K, 41 young (41984K), 3 survivors (3072K)
 Metaspace       used 12464K, capacity 12775K, committed 12928K, reserved 1060864K
  class space    used 1220K, capacity 1304K, committed 1408K, reserved 1048576K
}
Event: 4.456 GC heap after
{Heap after GC invocations=2 (full 0):
 garbage-first heap   total 129024K, used 7474K [0x0000000083600000, 0x0000000100000000)
  region size 1024K, 4 young (4096K), 4 survivors (4096K)
 Metaspace       used 12464K, capacity 12775K, committed 12928K, reserved 1060864K
  class space    used 1220K, capacity 1304K, committed 1408K, reserved 1048576K
}
Event: 6.131 GC heap before
{Heap before GC invocations=2 (full 0):
 garbage-first heap   total 129024K, used 55602K [0x0000000083600000, 0x0000000100000000)
  region size 1024K, 52 young (53248K), 4 survivors (4096K)
 Metaspace       used 20774K, capacity 21163K, committed 21248K, reserved 1069056K
  class space    used 2363K, capacity 2506K, committed 2560K, reserved 1048576K
}
Event: 6.143 GC heap after
{Heap after GC invocations=3 (full 0):
 garbage-first heap   total 129024K, used 9385K [0x0000000083600000, 0x0000000100000000)
  region size 1024K, 6 young (6144K), 6 survivors (6144K)
 Metaspace       used 20774K, capacity 21163K, committed 21248K, reserved 1069056K
  class space    used 2363K, capacity 2506K, committed 2560K, reserved 1048576K
}
Event: 7.047 GC heap before
{Heap before GC invocations=4 (full 0):
 garbage-first heap   total 129024K, used 79017K [0x0000000083600000, 0x0000000100000000)
  region size 1024K, 75 young (76800K), 6 survivors (6144K)
 Metaspace       used 26702K, capacity 27295K, committed 27648K, reserved 1073152K
  class space    used 3026K, capacity 3227K, committed 3328K, reserved 1048576K
}
Event: 7.055 GC heap after
{Heap after GC invocations=5 (full 0):
 garbage-first heap   total 129024K, used 11002K [0x0000000083600000, 0x0000000100000000)
  region size 1024K, 4 young (4096K), 4 survivors (4096K)
 Metaspace       used 26702K, capacity 27295K, committed 27648K, reserved 1073152K
  class space    used 3026K, capacity 3227K, committed 3328K, reserved 1048576K
}

Deoptimization events (10 events):
Event: 6.747 Thread 0x00000229da1ce800 Uncommon trap: reason=unstable_if action=reinterpret pc=0x00000229c92da5a0 method=org.springframework.asm.ClassReader.readUtf(II[C)Ljava/lang/String; @ 41 c2
Event: 7.196 Thread 0x00000229da1f4800 Uncommon trap: reason=unstable_if action=reinterpret pc=0x00000229c927530c method=jdk.internal.org.objectweb.asm.Type.getArgumentsAndReturnSizes(Ljava/lang/String;)I @ 47 c2
Event: 7.196 Thread 0x00000229da1f4800 Uncommon trap: reason=unstable_if action=reinterpret pc=0x00000229c92cf5a8 method=jdk.internal.org.objectweb.asm.Frame.push(Ljdk/internal/org/objectweb/asm/ClassWriter;Ljava/lang/String;)V @ 18 c2
Event: 7.495 Thread 0x00000229da1ce800 Uncommon trap: reason=profile_predicate action=maybe_recompile pc=0x00000229c93097c0 method=jdk.internal.jimage.ImageStringsReader.charsFromByteBuffer([CLjava/nio/ByteBuffer;)V @ 6 c2
Event: 7.495 Thread 0x00000229da1ce800 Uncommon trap: reason=profile_predicate action=maybe_recompile pc=0x00000229c93097c0 method=jdk.internal.jimage.ImageStringsReader.charsFromByteBuffer([CLjava/nio/ByteBuffer;)V @ 6 c2
Event: 7.495 Thread 0x00000229da1ce800 Uncommon trap: reason=profile_predicate action=maybe_recompile pc=0x00000229c93097c0 method=jdk.internal.jimage.ImageStringsReader.charsFromByteBuffer([CLjava/nio/ByteBuffer;)V @ 6 c2
Event: 7.495 Thread 0x00000229da1ce800 Uncommon trap: reason=profile_predicate action=maybe_recompile pc=0x00000229c93097c0 method=jdk.internal.jimage.ImageStringsReader.charsFromByteBuffer([CLjava/nio/ByteBuffer;)V @ 6 c2
Event: 7.801 Thread 0x00000229da1ce800 Uncommon trap: reason=intrinsic_or_type_checked_inlining action=make_not_entrant pc=0x00000229c93235b0 method=java.util.ArrayList.toArray([Ljava/lang/Object;)[Ljava/lang/Object; @ 36 c2
Event: 7.991 Thread 0x00000229da1ce800 Uncommon trap: reason=unstable_if action=reinterpret pc=0x00000229c9339a4c method=org.springframework.core.annotation.MergedAnnotationsCollection.isMappingForType(Lorg/springframework/core/annotation/AnnotationTypeMapping;Ljava/lang/Object;)Z @ 13 c2
Event: 8.196 Thread 0x00000229da1ce800 Uncommon trap: reason=intrinsic_or_type_checked_inlining action=make_not_entrant pc=0x00000229c934e04c method=java.util.Arrays.copyOf([Ljava/lang/Object;ILjava/lang/Class;)[Ljava/lang/Object; @ 35 c2

Classes redefined (0 events):
No events

Internal exceptions (10 events):
Event: 6.466 Thread 0x00000229da1ce800 Exception <a 'java/lang/ClassNotFoundException'{0x000000008aa59ef8}: org/springframework/context/EnvironmentAwareCustomizer> (0x000000008aa59ef8) thrown at [t:/workspace/open/src/hotspot/share/classfile/systemDictionary.cpp, line 231]
Event: 6.468 Thread 0x00000229da1ce800 Exception <a 'java/lang/ClassNotFoundException'{0x000000008aa67a28}: org/springframework/beans/factory/AwareCustomizer> (0x000000008aa67a28) thrown at [t:/workspace/open/src/hotspot/share/classfile/systemDictionary.cpp, line 231]
Event: 7.173 Thread 0x00000229da1ce800 Exception <a 'java/lang/IncompatibleClassChangeError'{0x000000008ab0e738}: Found class java.lang.Object, but interface was expected> (0x000000008ab0e738) thrown at [t:/workspace/open/src/hotspot/share/interpreter/linkResolver.cpp, line 838]
Event: 7.196 Thread 0x00000229da1f4800 Exception <a 'java/lang/NoSuchMethodError'{0x000000008aa12f80}: java.lang.invoke.DirectMethodHandle$Holder.invokeSpecial(Ljava/lang/Object;Ljava/lang/Object;)J> (0x000000008aa12f80) thrown at [t:/workspace/open/src/hotspot/share/interpreter/linkResolver.c
Event: 7.200 Thread 0x00000229da1f4800 Exception <a 'java/lang/NoSuchMethodError'{0x000000008aa1d730}: java.lang.invoke.DirectMethodHandle$Holder.invokeStatic(Ljava/lang/Object;Ljava/lang/Object;)J> (0x000000008aa1d730) thrown at [t:/workspace/open/src/hotspot/share/interpreter/linkResolver.cp
Event: 7.201 Thread 0x00000229da1f4800 Exception <a 'java/lang/NoSuchMethodError'{0x000000008aa20558}: java.lang.invoke.DirectMethodHandle$Holder.invokeStaticInit(Ljava/lang/Object;Ljava/lang/Object;)J> (0x000000008aa20558) thrown at [t:/workspace/open/src/hotspot/share/interpreter/linkResolve
Event: 7.204 Thread 0x00000229da1f4800 Exception <a 'java/lang/NoSuchMethodError'{0x000000008aa2cd28}: java.lang.invoke.DirectMethodHandle$Holder.invokeInterface(Ljava/lang/Object;Ljava/lang/Object;)J> (0x000000008aa2cd28) thrown at [t:/workspace/open/src/hotspot/share/interpreter/linkResolver
Event: 7.204 Thread 0x00000229da1f4800 Exception <a 'java/lang/IncompatibleClassChangeError'{0x000000008aa2fac0}: Found class java.lang.Object, but interface was expected> (0x000000008aa2fac0) thrown at [t:/workspace/open/src/hotspot/share/interpreter/linkResolver.cpp, line 838]
Event: 7.227 Thread 0x00000229da1f4800 Exception <a 'java/lang/NoSuchMethodError'{0x000000008a9ee000}: java.lang.invoke.DirectMethodHandle$Holder.invokeVirtual(Ljava/lang/Object;Ljava/lang/Object;Ljava/lang/Object;Ljava/lang/Object;)Ljava/lang/Object;> (0x000000008a9ee000) thrown at [t:/worksp
Event: 7.228 Thread 0x00000229da1ce800 Exception <a 'java/lang/NoSuchMethodError'{0x000000008a98b0f8}: java.lang.invoke.DirectMethodHandle$Holder.invokeInterface(Ljava/lang/Object;Ljava/lang/Object;Ljava/lang/Object;Ljava/lang/Object;)V> (0x000000008a98b0f8) thrown at [t:/workspace/open/src/ho

Events (10 events):
Event: 8.205 loading class org/springframework/web/accept/MediaTypeFileExtensionResolver
Event: 8.205 loading class org/springframework/web/accept/MediaTypeFileExtensionResolver done
Event: 8.206 loading class org/springframework/web/servlet/resource/ResourceUrlProvider
Event: 8.206 loading class org/springframework/web/servlet/resource/ResourceUrlProvider done
Event: 8.207 loading class org/springframework/web/servlet/mvc/method/annotation/RequestMappingHandlerMapping
Event: 8.207 loading class org/springframework/web/servlet/mvc/method/annotation/RequestMappingHandlerMapping done
Event: 8.208 loading class org/springframework/web/servlet/mvc/method/RequestMappingInfoHandlerMapping
Event: 8.208 loading class org/springframework/web/servlet/mvc/method/RequestMappingInfoHandlerMapping done
Event: 8.210 loading class org/springframework/web/servlet/handler/AbstractHandlerMethodMapping
Event: 8.210 loading class org/springframework/web/servlet/handler/AbstractHandlerMethodMapping done


Dynamic libraries:
0x00007ff7cc1f0000 - 0x00007ff7cc235000 	C:\green_workspace\tools\jdk-11.0.2\bin\java.exe
0x00007ffd10ff0000 - 0x00007ffd111e5000 	C:\Windows\SYSTEM32\ntdll.dll
0x00007ffd0f100000 - 0x00007ffd0f1bd000 	C:\Windows\System32\KERNEL32.DLL
0x00007ffd0e7d0000 - 0x00007ffd0ea9d000 	C:\Windows\System32\KERNELBASE.dll
0x00007ffd10ab0000 - 0x00007ffd10c50000 	C:\Windows\System32\USER32.dll
0x00007ffd0e770000 - 0x00007ffd0e792000 	C:\Windows\System32\win32u.dll
0x00007ffd0f7e0000 - 0x00007ffd0f80a000 	C:\Windows\System32\GDI32.dll
0x00007ffd0eee0000 - 0x00007ffd0efeb000 	C:\Windows\System32\gdi32full.dll
0x00007ffd0ec50000 - 0x00007ffd0eced000 	C:\Windows\System32\msvcp_win.dll
0x00007ffd0eb50000 - 0x00007ffd0ec50000 	C:\Windows\System32\ucrtbase.dll
0x00007ffcfb540000 - 0x00007ffcfb7da000 	C:\Windows\WinSxS\amd64_microsoft.windows.common-controls_6595b64144ccf1df_6.0.19041.1110_none_60b5254171f9507e\COMCTL32.dll
0x00007ffd10a10000 - 0x00007ffd10aae000 	C:\Windows\System32\msvcrt.dll
0x00007ffd0f330000 - 0x00007ffd0f360000 	C:\Windows\System32\IMM32.DLL
0x00007ffcf95d0000 - 0x00007ffcf95e6000 	C:\green_workspace\tools\jdk-11.0.2\bin\vcruntime140.dll
0x00007ffcdd600000 - 0x00007ffcdd6aa000 	C:\green_workspace\tools\jdk-11.0.2\bin\msvcp140.dll
0x00007ffcd3470000 - 0x00007ffcd3f93000 	C:\green_workspace\tools\jdk-11.0.2\bin\server\jvm.dll
0x00007ffd0f1f0000 - 0x00007ffd0f29e000 	C:\Windows\System32\ADVAPI32.dll
0x00007ffd0f610000 - 0x00007ffd0f6ac000 	C:\Windows\System32\sechost.dll
0x00007ffd10e00000 - 0x00007ffd10f25000 	C:\Windows\System32\RPCRT4.dll
0x00007ffd0f1c0000 - 0x00007ffd0f1c8000 	C:\Windows\System32\PSAPI.DLL
0x00007ffd04c60000 - 0x00007ffd04c69000 	C:\Windows\SYSTEM32\WSOCK32.dll
0x00007ffd0fc90000 - 0x00007ffd0fcfb000 	C:\Windows\System32\WS2_32.dll
0x00007ffcf7c40000 - 0x00007ffcf7c67000 	C:\Windows\SYSTEM32\WINMM.dll
0x00007ffd07870000 - 0x00007ffd0787a000 	C:\Windows\SYSTEM32\VERSION.dll
0x00007ffd0cf90000 - 0x00007ffd0cfa2000 	C:\Windows\SYSTEM32\kernel.appcore.dll
0x00007ffd065a0000 - 0x00007ffd065b1000 	C:\green_workspace\tools\jdk-11.0.2\bin\verify.dll
0x00007ffd0c500000 - 0x00007ffd0c6e4000 	C:\Windows\SYSTEM32\DBGHELP.DLL
0x00007ffd09d50000 - 0x00007ffd09d7c000 	C:\Windows\SYSTEM32\dbgcore.DLL
0x00007ffd0ee50000 - 0x00007ffd0eed2000 	C:\Windows\System32\bcryptPrimitives.dll
0x00007ffd06530000 - 0x00007ffd06558000 	C:\green_workspace\tools\jdk-11.0.2\bin\java.dll
0x00007ffcead80000 - 0x00007ffceadb7000 	C:\green_workspace\tools\jdk-11.0.2\bin\jdwp.dll
0x00007ffd06510000 - 0x00007ffd06526000 	C:\green_workspace\tools\jdk-11.0.2\bin\zip.dll
0x00007ffd09700000 - 0x00007ffd0970a000 	C:\green_workspace\tools\jdk-11.0.2\bin\jimage.dll
0x00007ffd102c0000 - 0x00007ffd10a04000 	C:\Windows\System32\SHELL32.dll
0x00007ffd0c7e0000 - 0x00007ffd0cf74000 	C:\Windows\SYSTEM32\windows.storage.dll
0x00007ffd0ff60000 - 0x00007ffd102b4000 	C:\Windows\System32\combase.dll
0x00007ffd0e090000 - 0x00007ffd0e0bc000 	C:\Windows\SYSTEM32\Wldp.dll
0x00007ffd0f360000 - 0x00007ffd0f40d000 	C:\Windows\System32\SHCORE.dll
0x00007ffd0f040000 - 0x00007ffd0f095000 	C:\Windows\System32\shlwapi.dll
0x00007ffd0e640000 - 0x00007ffd0e65f000 	C:\Windows\SYSTEM32\profapi.dll
0x00007ffcf9750000 - 0x00007ffcf975a000 	C:\green_workspace\tools\jdk-11.0.2\bin\dt_socket.dll
0x00007ffd0ddf0000 - 0x00007ffd0de5a000 	C:\Windows\System32\mswsock.dll
0x00007ffd0db20000 - 0x00007ffd0dbeb000 	C:\Windows\SYSTEM32\DNSAPI.dll
0x00007ffd0dae0000 - 0x00007ffd0db1b000 	C:\Windows\SYSTEM32\IPHLPAPI.DLL
0x00007ffd0f6b0000 - 0x00007ffd0f6b8000 	C:\Windows\System32\NSI.dll
0x00007ffcfb8f0000 - 0x00007ffcfb970000 	C:\Windows\System32\fwpuclnt.dll
0x00007ffd0e7a0000 - 0x00007ffd0e7c7000 	C:\Windows\System32\bcrypt.dll
0x00007ffcfb850000 - 0x00007ffcfb85a000 	C:\Windows\System32\rasadhlp.dll
0x00007ffd064f0000 - 0x00007ffd06509000 	C:\green_workspace\tools\jdk-11.0.2\bin\net.dll
0x00007ffd098b0000 - 0x00007ffd099ba000 	C:\Windows\SYSTEM32\WINHTTP.dll
0x00007ffcfcdf0000 - 0x00007ffcfcfdc000 	C:\Windows\SYSTEM32\urlmon.dll
0x00007ffcfcdc0000 - 0x00007ffcfcde8000 	C:\Windows\SYSTEM32\srvcli.dll
0x00007ffcfd150000 - 0x00007ffcfd401000 	C:\Windows\SYSTEM32\iertutil.dll
0x00007ffd0dbf0000 - 0x00007ffd0dbfc000 	C:\Windows\SYSTEM32\netutils.dll
0x00007ffd064d0000 - 0x00007ffd064e3000 	C:\green_workspace\tools\jdk-11.0.2\bin\nio.dll
0x00007ffd096c0000 - 0x00007ffd096c9000 	C:\green_workspace\tools\jdk-11.0.2\bin\management.dll
0x00007ffd07a60000 - 0x00007ffd07a6c000 	C:\green_workspace\tools\jdk-11.0.2\bin\management_ext.dll
0x00007ffcf2140000 - 0x00007ffcf2157000 	C:\Windows\system32\napinsp.dll
0x00007ffcf20b0000 - 0x00007ffcf20cb000 	C:\Windows\system32\pnrpnsp.dll
0x00007ffd08b70000 - 0x00007ffd08b85000 	C:\Windows\system32\wshbth.dll
0x00007ffd094d0000 - 0x00007ffd094ed000 	C:\Windows\system32\NLAapi.dll
0x00007ffcf2090000 - 0x00007ffcf20a2000 	C:\Windows\System32\winrnr.dll

dbghelp: loaded successfully - version: 4.0.5 - missing functions: none
symbol engine: initialized successfully - sym options: 0x614 - pdb path: .;C:\green_workspace\tools\jdk-11.0.2\bin;C:\Windows\SYSTEM32;C:\Windows\WinSxS\amd64_microsoft.windows.common-controls_6595b64144ccf1df_6.0.19041.1110_none_60b5254171f9507e;C:\green_workspace\tools\jdk-11.0.2\bin\server

VM Arguments:
jvm_args: -agentlib:jdwp=transport=dt_socket,server=n,suspend=y,address=localhost:50758 
java_command: site.metacoding.blogproject.BlogprojectApplication
java_class_path (initial): C:\green_workspace\study-lab\blogproject\target\classes;C:\Users\TG\.m2\repository\org\springframework\security\spring-security-taglibs\5.2.2.RELEASE\spring-security-taglibs-5.2.2.RELEASE.jar;C:\Users\TG\.m2\repository\org\springframework\security\spring-security-acl\5.2.2.RELEASE\spring-security-acl-5.2.2.RELEASE.jar;C:\Users\TG\.m2\repository\org\springframework\spring-jdbc\5.2.5.RELEASE\spring-jdbc-5.2.5.RELEASE.jar;C:\Users\TG\.m2\repository\org\springframework\spring-tx\5.2.5.RELEASE\spring-tx-5.2.5.RELEASE.jar;C:\Users\TG\.m2\repository\org\springframework\security\spring-security-core\5.2.2.RELEASE\spring-security-core-5.2.2.RELEASE.jar;C:\Users\TG\.m2\repository\org\springframework\security\spring-security-web\5.2.2.RELEASE\spring-security-web-5.2.2.RELEASE.jar;C:\Users\TG\.m2\repository\org\springframework\spring-aop\5.2.5.RELEASE\spring-aop-5.2.5.RELEASE.jar;C:\Users\TG\.m2\repository\org\springframework\spring-beans\5.2.5.RELEASE\spring-beans-5.2.5.RELEASE.jar;C:\Users\TG\.m2\repository\org\springframework\spring-context\5.2.5.RELEASE\spring-context-5.2.5.RELEASE.jar;C:\Users\TG\.m2\repository\org\springframework\spring-core\5.2.5.RELEASE\spring-core-5.2.5.RELEASE.jar;C:\Users\TG\.m2\repository\org\springframework\spring-jcl\5.2.5.RELEASE\spring-jcl-5.2.5.RELEASE.jar;C:\Users\TG\.m2\repository\org\springframework\spring-expression\5.2.5.RELEASE\spring-expression-5.2.5.RELEASE.jar;C:\Users\TG\.m2\repository\org\springframework\spring-web\5.2.5.RELEASE\spring-web-5.2.5.RELEASE.jar;C:\Users\TG\.m2\repository\org\apache\tomcat\tomcat-jasper\9.0.22\tomcat-jasper-9.0.22.jar;C:\Users\TG\.m2\repository\org\apache\tomcat\tomcat-servlet-api\9.0.22\tomcat-servlet-api-9.0.22.jar;C:\Users\TG\.m2\repository\org\apache\tomcat\tomcat-juli\9.0.22\tomcat-juli-9.0.22.jar;C:\Users\TG\.m2\repository\org\apache\tomcat\tomcat-jsp-api\9.0.33\tomcat-jsp-api-9.0.33.jar;C:\Users\TG\.m2\repository\org\apache\tomcat\tomcat-el-api\9.0.22\tomcat-el-api-9.0.
Launcher Type: SUN_STANDARD

[Global flags]
     intx CICompilerCount                          = 4                                         {product} {ergonomic}
     uint ConcGCThreads                            = 2                                         {product} {ergonomic}
     uint G1ConcRefinementThreads                  = 8                                         {product} {ergonomic}
   size_t G1HeapRegionSize                         = 1048576                                   {product} {ergonomic}
    uintx GCDrainStackTargetSize                   = 64                                        {product} {ergonomic}
   size_t InitialHeapSize                          = 132120576                                 {product} {ergonomic}
   size_t MarkStackSize                            = 4194304                                   {product} {ergonomic}
   size_t MaxHeapSize                              = 2090860544                                {product} {ergonomic}
   size_t MaxNewSize                               = 1254096896                                {product} {ergonomic}
   size_t MinHeapDeltaBytes                        = 1048576                                   {product} {ergonomic}
    uintx NonNMethodCodeHeapSize                   = 5835340                                {pd product} {ergonomic}
    uintx NonProfiledCodeHeapSize                  = 122911450                              {pd product} {ergonomic}
    uintx ProfiledCodeHeapSize                     = 122911450                              {pd product} {ergonomic}
    uintx ReservedCodeCacheSize                    = 251658240                              {pd product} {ergonomic}
     bool SegmentedCodeCache                       = true                                      {product} {ergonomic}
     bool UseCompressedClassPointers               = true                                 {lp64_product} {ergonomic}
     bool UseCompressedOops                        = true                                 {lp64_product} {ergonomic}
     bool UseG1GC                                  = true                                      {product} {ergonomic}
     bool UseLargePagesIndividualAllocation        = false                                  {pd product} {ergonomic}

Logging:
Log output configuration:
 #0: stdout all=warning uptime,level,tags
 #1: stderr all=off uptime,level,tags

Environment Variables:
JAVA_HOME=C:\green_workspace\tools\jdk-11.0.2
PATH=C:\Users\TG\bin;C:\Program Files\Git\mingw64\bin;C:\Program Files\Git\usr\local\bin;C:\Program Files\Git\usr\bin;C:\Program Files\Git\usr\bin;C:\Program Files\Git\mingw64\bin;C:\Program Files\Git\usr\bin;C:\Users\TG\bin;C:\oraclexe\app\oracle\product\11.2.0\server\bin;C:\oraclexe\app\oracle\product\11.2.0\server\bin;C:\Windows\system32;C:\Windows;C:\Windows\System32\Wbem;C:\Windows\System32\WindowsPowerShell\v1.0;C:\Windows\System32\OpenSSH;C:\Program Files\Git\cmd;C:\green_workspace\tools\jdk-11.0.2\bin;C:\Program Files\nodejs;C:\Program Files\MongoDB\Server\5.0\bin;C:\green_workspace\tools\flutter\bin;C:\Users\TG\AppData\Local\Programs\Python\Python310\Scripts;C:\Users\TG\AppData\Local\Programs\Python\Python310;C:\Users\TG\AppData\Local\Microsoft\WindowsApps;C:\Users\TG\AppData\Local\Programs\Microsoft VS Code\bin;%JAVA_HOME&bin;C:\Users\TG\AppData\Roaming\npm;C:\Program Files (x86)\ESTsoft\ALSee\x64;C:\Program Files\Git\usr\bin\vendor_perl;C:\Program Files\Git\usr\bin\core_perl
USERNAME=TG
SHELL=C:\Program Files\Git\usr\bin\bash.exe
DISPLAY=needs-to-be-defined
OS=Windows_NT
PROCESSOR_IDENTIFIER=Intel64 Family 6 Model 142 Stepping 12, GenuineIntel



---------------  S Y S T E M  ---------------

OS: Windows 10 , 64 bit Build 19041 (10.0.19041.1706)

CPU:total 8 (initial active 8) (4 cores per cpu, 2 threads per core) family 6 model 142 stepping 12, cmov, cx8, fxsr, mmx, sse, sse2, sse3, ssse3, sse4.1, sse4.2, popcnt, avx, avx2, aes, clmul, erms, 3dnowpref, lzcnt, ht, tsc, tscinvbit, bmi1, bmi2, adx, fma

Memory: 4k page, system-wide physical 7971M (324M free)
TotalPageFile size 32547M (AvailPageFile size 6M)
current process WorkingSet (physical memory assigned to process): 191M, peak: 191M
current process commit charge ("private bytes"): 274M, peak: 276M

vm_info: OpenJDK 64-Bit Server VM (11.0.2+9) for windows-amd64 JRE (11.0.2+9), built on Jan 18 2019 05:23:22 by "mach5one" with MS VC++ 15.5 (VS2017)

END.
